New log file opened at Sun Feb 28 03:56:07 JST 2016 by 23995@keima-2.local
jvm 23995@keima-2.local
jvm vmName=Java HotSpot(TM) 64-Bit Server VM vmVendor=Oracle Corporation vmVersion=25.73-b02
jvm specName=Java Virtual Machine Specification specVendor=Oracle Corporation specVersion=1.8
jvm arguments: [-Xms256m, -Xmx1024m, -XX:MetaspaceSize=64m, -XX:MaxMetaspaceSize=256m]
Starting event engine
Starting sbt command engine
Command engine arguments=List()
Command engine baseDirectory=/Users/keima/Downloads/act/test
Waiting for sbt command engine
Command engine initial remaining commands List(--initialize, onFailure load-failed, boot, server-send-ready-for-request, server-handle-next-server-request)
> --initialize
> initialize
> onFailure load-failed
> boot
> reload
[Loading] Scanning directory /Users/keima/Downloads/act/test/project
[Loading] Found non-root projects 
[Loading] Done in /Users/keima/Downloads/act/test/project, returning: ()
deducing auto plugins based on known facts Set(Atom(sbt.plugins.CorePlugin)) and clauses Clauses(List(Clause(Atom(sbt.plugins.JvmPlugin),Set(Atom(sbt.plugins.IvyPlugin))), Clause(Atom(sbt.plugins.JUnitXmlReportPlugin),Set(Atom(sbt.plugins.JvmPlugin))), Clause(Atom(sbt.plugins.CorePlugin),Set(Atom(sbt.plugins.IvyPlugin))), Clause(Atom(sbt.plugins.IvyPlugin),Set(Atom(sbt.plugins.JvmPlugin))), Clause(Atom(sbt.plugins.JvmPlugin),Set(Atom(sbt.plugins.JUnitXmlReportPlugin)))))
  :: deduced result: Matched(sbt.plugins.CorePlugin,sbt.plugins.IvyPlugin,sbt.plugins.JvmPlugin,sbt.plugins.JUnitXmlReportPlugin)
sorting: ns: List(sbt.plugins.CorePlugin, sbt.plugins.IvyPlugin, sbt.plugins.JvmPlugin, sbt.plugins.JUnitXmlReportPlugin)
  :: sorting:: found: List(sbt.plugins.CorePlugin) not found List(sbt.plugins.IvyPlugin, sbt.plugins.JvmPlugin, sbt.plugins.JUnitXmlReportPlugin)
  :: sorting:: found: List(sbt.plugins.CorePlugin, sbt.plugins.IvyPlugin) not found List(sbt.plugins.JvmPlugin, sbt.plugins.JUnitXmlReportPlugin)
  :: sorting:: found: List(sbt.plugins.CorePlugin, sbt.plugins.IvyPlugin, sbt.plugins.JvmPlugin) not found List(sbt.plugins.JUnitXmlReportPlugin)
  :: sorting:: found: List(sbt.plugins.CorePlugin, sbt.plugins.IvyPlugin, sbt.plugins.JvmPlugin, sbt.plugins.JUnitXmlReportPlugin) not found List()
  :: sorted deduced result: List(sbt.plugins.CorePlugin, sbt.plugins.IvyPlugin, sbt.plugins.JvmPlugin, sbt.plugins.JUnitXmlReportPlugin)
[Loading] Done in /Users/keima/Downloads/act/test/project, returning: (test-build)
Loading project definition from /Users/keima/Downloads/act/test/project
Running task... Cancel: sbt.TaskCancellationStrategy$Null$@68a6fd61, check cycles: false

Initial source changes: 
	removed:Set()
	added: Set()
	modified: Set()
Removed products: Set()
External API changes: API Changes: Set()
Modified binary dependencies: Set()
Initial directly invalidated sources: Set()

Sources indirectly invalidated by:
	product: Set()
	binary dep: Set()
	external source: Set()
All initially invalidated sources: Set()

Copy resource mappings: 
	
[Loading] Scanning directory /Users/keima/Downloads/act/test
[Loading] Found root project root w/ remaining 
deducing auto plugins based on known facts Set(Atom(play.sbt.PlayJava), Atom(play.ebean.sbt.PlayEbean), Atom(sbt.plugins.CorePlugin)) and clauses Clauses(List(Clause(Atom(sbt.plugins.JvmPlugin),Set(Atom(sbt.plugins.IvyPlugin))), Clause(Atom(sbt.plugins.JUnitXmlReportPlugin),Set(Atom(sbt.plugins.JvmPlugin))), Clause(Atom(play.sbt.forkrun.PlayForkRun),Set(Atom(sbt.plugins.BackgroundRunPlugin))), Clause(Atom(play.sbt.forkrun.PlayForkRun),Set(Atom(play.sbt.Play))), Clause(Atom(play.sbt.forkrun.PlayForkRun),Set(Atom(sbt.plugins.SerializersPlugin))), Clause(Atom(play.sbt.Play),Set(Atom(com.typesafe.sbt.packager.archetypes.JavaServerAppPackaging))), Clause(Atom(play.sbt.Play),Set(Atom(play.sbt.routes.RoutesCompiler))), Clause(Atom(play.sbt.Play),Set(Atom(play.twirl.sbt.SbtTwirl))), Clause(Atom(play.sbt.Play),Set(Atom(com.typesafe.sbt.jse.SbtJsTask))), Clause(Atom(play.sbt.PlayAkkaHttpServer),Set(Atom(play.sbt.Play))), Clause(Atom(play.sbt.PlayJava),Set(Atom(play.sbt.Play))), Clause(Atom(play.sbt.PlayLayoutPlugin),Set(Atom(play.sbt.Play))), Clause(Atom(play.sbt.PlayNettyServer),Set(Atom(play.sbt.Play))), Clause(Atom(play.sbt.PlayScala),Set(Atom(play.sbt.Play))), Clause(Atom(play.sbt.routes.RoutesCompiler),Set(Atom(sbt.plugins.JvmPlugin))), Clause(Atom(play.twirl.sbt.SbtTwirl),Set(Atom(sbt.plugins.JvmPlugin))), Clause(Atom(com.typesafe.sbt.packager.archetypes.AkkaAppPackaging),Set(Atom(com.typesafe.sbt.packager.archetypes.JavaAppPackaging))), Clause(Atom(com.typesafe.sbt.packager.archetypes.JavaAppPackaging),Set(Atom(com.typesafe.sbt.packager.windows.WindowsPlugin))), Clause(Atom(com.typesafe.sbt.packager.archetypes.JavaAppPackaging),Set(Atom(com.typesafe.sbt.packager.docker.DockerPlugin))), Clause(Atom(com.typesafe.sbt.packager.archetypes.JavaAppPackaging),Set(Atom(com.typesafe.sbt.packager.debian.DebianPlugin))), Clause(Atom(com.typesafe.sbt.packager.archetypes.JavaAppPackaging),Set(Atom(com.typesafe.sbt.packager.rpm.RpmPlugin))), Clause(Atom(com.typesafe.sbt.packager.archetypes.JavaServerAppPackaging),Set(Atom(com.typesafe.sbt.packager.archetypes.JavaAppPackaging))), Clause(Atom(com.typesafe.sbt.packager.archetypes.jar.ClasspathJarPlugin),Set(Atom(com.typesafe.sbt.packager.archetypes.JavaAppPackaging))), Clause(Atom(com.typesafe.sbt.packager.archetypes.jar.LauncherJarPlugin),Set(Atom(com.typesafe.sbt.packager.archetypes.JavaAppPackaging))), Clause(Atom(com.typesafe.sbt.packager.debian.DebianDeployPlugin),Set(Atom(com.typesafe.sbt.packager.debian.DebianPlugin))), Clause(Atom(com.typesafe.sbt.packager.debian.DebianPlugin),Set(Atom(com.typesafe.sbt.packager.linux.LinuxPlugin))), Clause(Atom(com.typesafe.sbt.packager.debian.JDebPackaging),Set(Atom(com.typesafe.sbt.packager.debian.DebianPlugin))), Clause(Atom(com.typesafe.sbt.packager.docker.DockerPlugin),Set(Atom(com.typesafe.sbt.packager.universal.UniversalPlugin))), Clause(Atom(com.typesafe.sbt.packager.jdkpackager.JDKPackagerDeployPlugin),Set(Atom(com.typesafe.sbt.packager.jdkpackager.JDKPackagerPlugin))), Clause(Atom(com.typesafe.sbt.packager.jdkpackager.JDKPackagerPlugin),Set(Atom(com.typesafe.sbt.packager.archetypes.JavaAppPackaging))), Clause(Atom(com.typesafe.sbt.packager.jdkpackager.JDKPackagerPlugin),Set(Atom(com.typesafe.sbt.packager.archetypes.jar.ClasspathJarPlugin))), Clause(Atom(com.typesafe.sbt.packager.linux.LinuxPlugin),Set(Atom(com.typesafe.sbt.packager.universal.UniversalPlugin))), Clause(Atom(com.typesafe.sbt.packager.rpm.RpmDeployPlugin),Set(Atom(com.typesafe.sbt.packager.rpm.RpmPlugin))), Clause(Atom(com.typesafe.sbt.packager.rpm.RpmPlugin),Set(Atom(com.typesafe.sbt.packager.linux.LinuxPlugin))), Clause(Atom(com.typesafe.sbt.packager.universal.UniversalDeployPlugin),Set(Atom(com.typesafe.sbt.packager.universal.UniversalPlugin))), Clause(Atom(com.typesafe.sbt.packager.universal.UniversalPlugin),Set(Atom(com.typesafe.sbt.SbtNativePackager))), Clause(Atom(com.typesafe.sbt.packager.windows.WindowsDeployPlugin),Set(Atom(com.typesafe.sbt.packager.windows.WindowsPlugin))), Clause(Atom(com.typesafe.sbt.packager.windows.WindowsPlugin),Set(Atom(com.typesafe.sbt.packager.universal.UniversalPlugin))), Clause(Atom(com.typesafe.sbt.web.SbtWeb),Set(Atom(sbt.plugins.JvmPlugin))), Clause(Atom(com.typesafe.sbt.jse.SbtJsEngine),Set(Atom(com.typesafe.sbt.web.SbtWeb))), Clause(Atom(com.typesafe.sbt.jse.SbtJsTask),Set(Atom(com.typesafe.sbt.jse.SbtJsEngine))), Clause(Atom(sbt.plugins.BackgroundRunPlugin),Set(Atom(sbt.plugins.JvmPlugin))), Clause(Atom(com.typesafe.sbt.coffeescript.SbtCoffeeScript),Set(Atom(com.typesafe.sbt.jse.SbtJsTask))), Clause(Atom(com.typesafe.sbt.less.SbtLess),Set(Atom(com.typesafe.sbt.jse.SbtJsTask))), Clause(Atom(com.typesafe.sbt.jshint.SbtJSHint),Set(Atom(com.typesafe.sbt.jse.SbtJsTask))), Clause(Atom(com.typesafe.sbt.rjs.SbtRjs),Set(Atom(com.typesafe.sbt.jse.SbtJsTask))), Clause(Atom(com.typesafe.sbt.digest.SbtDigest),Set(Atom(com.typesafe.sbt.web.SbtWeb))), Clause(Atom(com.typesafe.sbt.mocha.SbtMocha),Set(Atom(com.typesafe.sbt.jse.SbtJsTask))), Clause(Atom(play.ebean.sbt.PlayEbean),Set(Atom(com.typesafe.play.sbt.enhancer.PlayEnhancer))), Clause(Atom(com.typesafe.play.sbt.enhancer.PlayEnhancer),Set(Atom(sbt.plugins.JvmPlugin))), Clause(Atom(sbt.plugins.CorePlugin),Set(Atom(sbt.plugins.IvyPlugin))), Clause(Atom(sbt.plugins.IvyPlugin),Set(Atom(sbt.plugins.JvmPlugin))), Clause(Atom(sbt.plugins.JvmPlugin),Set(Atom(sbt.plugins.JUnitXmlReportPlugin))), Clause(And(Set(Atom(sbt.plugins.BackgroundRunPlugin), Atom(play.sbt.Play), Atom(sbt.plugins.SerializersPlugin))),Set(Atom(play.sbt.forkrun.PlayForkRun))), Clause(Atom(play.sbt.Play),Set(Atom(play.sbt.PlayLayoutPlugin))), Clause(Atom(play.sbt.Play),Set(Atom(play.sbt.PlayNettyServer))), Clause(Atom(com.typesafe.sbt.web.SbtWeb),Set(Atom(com.typesafe.sbt.jse.SbtJsEngine))), Clause(Atom(com.typesafe.sbt.jse.SbtJsEngine),Set(Atom(com.typesafe.sbt.jse.SbtJsTask))), Clause(Atom(sbt.plugins.JvmPlugin),Set(Atom(sbt.plugins.BackgroundRunPlugin))), Clause(Atom(sbt.plugins.CorePlugin),Set(Atom(sbt.plugins.InteractionServicePlugin))), Clause(Atom(sbt.plugins.CorePlugin),Set(Atom(sbt.plugins.SendEventServicePlugin))), Clause(Atom(sbt.plugins.CorePlugin),Set(Atom(sbt.plugins.SerializersPlugin))), Clause(Atom(com.typesafe.sbt.jse.SbtJsTask),Set(Atom(com.typesafe.sbt.coffeescript.SbtCoffeeScript))), Clause(Atom(com.typesafe.sbt.jse.SbtJsTask),Set(Atom(com.typesafe.sbt.less.SbtLess))), Clause(Atom(com.typesafe.sbt.jse.SbtJsTask),Set(Atom(com.typesafe.sbt.jshint.SbtJSHint))), Clause(Atom(com.typesafe.sbt.jse.SbtJsTask),Set(Atom(com.typesafe.sbt.rjs.SbtRjs))), Clause(Atom(com.typesafe.sbt.web.SbtWeb),Set(Atom(com.typesafe.sbt.digest.SbtDigest))), Clause(Atom(com.typesafe.sbt.jse.SbtJsTask),Set(Atom(com.typesafe.sbt.mocha.SbtMocha))), Clause(Atom(sbt.plugins.JvmPlugin),Set(Atom(com.typesafe.play.sbt.enhancer.PlayEnhancer)))))
  :: deduced result: Matched(sbt.plugins.CorePlugin,play.ebean.sbt.PlayEbean,play.sbt.PlayJava,com.typesafe.play.sbt.enhancer.PlayEnhancer,sbt.plugins.InteractionServicePlugin,sbt.plugins.SendEventServicePlugin,play.sbt.Play,sbt.plugins.SerializersPlugin,sbt.plugins.IvyPlugin,com.typesafe.sbt.packager.archetypes.JavaServerAppPackaging,play.twirl.sbt.SbtTwirl,sbt.plugins.JvmPlugin,play.sbt.PlayNettyServer,play.sbt.PlayLayoutPlugin,play.sbt.routes.RoutesCompiler,com.typesafe.sbt.jse.SbtJsTask,com.typesafe.sbt.jshint.SbtJSHint,com.typesafe.sbt.packager.archetypes.JavaAppPackaging,sbt.plugins.JUnitXmlReportPlugin,com.typesafe.sbt.mocha.SbtMocha,com.typesafe.sbt.less.SbtLess,com.typesafe.sbt.rjs.SbtRjs,com.typesafe.sbt.jse.SbtJsEngine,com.typesafe.sbt.coffeescript.SbtCoffeeScript,sbt.plugins.BackgroundRunPlugin,com.typesafe.sbt.packager.rpm.RpmPlugin,com.typesafe.sbt.packager.windows.WindowsPlugin,com.typesafe.sbt.web.SbtWeb,com.typesafe.sbt.packager.docker.DockerPlugin,play.sbt.forkrun.PlayForkRun,com.typesafe.sbt.packager.debian.DebianPlugin,com.typesafe.sbt.digest.SbtDigest,com.typesafe.sbt.packager.universal.UniversalPlugin,com.typesafe.sbt.packager.linux.LinuxPlugin,com.typesafe.sbt.SbtNativePackager)
sorting: ns: List(sbt.plugins.CorePlugin, play.ebean.sbt.PlayEbean, play.sbt.PlayJava, com.typesafe.play.sbt.enhancer.PlayEnhancer, sbt.plugins.InteractionServicePlugin, sbt.plugins.SendEventServicePlugin, play.sbt.Play, sbt.plugins.SerializersPlugin, sbt.plugins.IvyPlugin, com.typesafe.sbt.packager.archetypes.JavaServerAppPackaging, play.twirl.sbt.SbtTwirl, sbt.plugins.JvmPlugin, play.sbt.PlayNettyServer, play.sbt.PlayLayoutPlugin, play.sbt.routes.RoutesCompiler, com.typesafe.sbt.jse.SbtJsTask, com.typesafe.sbt.jshint.SbtJSHint, com.typesafe.sbt.packager.archetypes.JavaAppPackaging, sbt.plugins.JUnitXmlReportPlugin, com.typesafe.sbt.mocha.SbtMocha, com.typesafe.sbt.less.SbtLess, com.typesafe.sbt.rjs.SbtRjs, com.typesafe.sbt.jse.SbtJsEngine, com.typesafe.sbt.coffeescript.SbtCoffeeScript, sbt.plugins.BackgroundRunPlugin, com.typesafe.sbt.packager.rpm.RpmPlugin, com.typesafe.sbt.packager.windows.WindowsPlugin, com.typesafe.sbt.web.SbtWeb, com.typesafe.sbt.packager.docker.DockerPlugin, play.sbt.forkrun.PlayForkRun, com.typesafe.sbt.packager.debian.DebianPlugin, com.typesafe.sbt.digest.SbtDigest, com.typesafe.sbt.packager.universal.UniversalPlugin, com.typesafe.sbt.packager.linux.LinuxPlugin, com.typesafe.sbt.SbtNativePackager)
  :: sorting:: found: List(sbt.plugins.CorePlugin, com.typesafe.sbt.SbtNativePackager) not found List(play.ebean.sbt.PlayEbean, play.sbt.PlayJava, com.typesafe.play.sbt.enhancer.PlayEnhancer, sbt.plugins.InteractionServicePlugin, sbt.plugins.SendEventServicePlugin, play.sbt.Play, sbt.plugins.SerializersPlugin, sbt.plugins.IvyPlugin, com.typesafe.sbt.packager.archetypes.JavaServerAppPackaging, play.twirl.sbt.SbtTwirl, sbt.plugins.JvmPlugin, play.sbt.PlayNettyServer, play.sbt.PlayLayoutPlugin, play.sbt.routes.RoutesCompiler, com.typesafe.sbt.jse.SbtJsTask, com.typesafe.sbt.jshint.SbtJSHint, com.typesafe.sbt.packager.archetypes.JavaAppPackaging, sbt.plugins.JUnitXmlReportPlugin, com.typesafe.sbt.mocha.SbtMocha, com.typesafe.sbt.less.SbtLess, com.typesafe.sbt.rjs.SbtRjs, com.typesafe.sbt.jse.SbtJsEngine, com.typesafe.sbt.coffeescript.SbtCoffeeScript, sbt.plugins.BackgroundRunPlugin, com.typesafe.sbt.packager.rpm.RpmPlugin, com.typesafe.sbt.packager.windows.WindowsPlugin, com.typesafe.sbt.web.SbtWeb, com.typesafe.sbt.packager.docker.DockerPlugin, play.sbt.forkrun.PlayForkRun, com.typesafe.sbt.packager.debian.DebianPlugin, com.typesafe.sbt.digest.SbtDigest, com.typesafe.sbt.packager.universal.UniversalPlugin, com.typesafe.sbt.packager.linux.LinuxPlugin)
  :: sorting:: found: List(sbt.plugins.CorePlugin, com.typesafe.sbt.SbtNativePackager, sbt.plugins.InteractionServicePlugin, sbt.plugins.SendEventServicePlugin, sbt.plugins.SerializersPlugin, sbt.plugins.IvyPlugin, com.typesafe.sbt.packager.universal.UniversalPlugin) not found List(play.ebean.sbt.PlayEbean, play.sbt.PlayJava, com.typesafe.play.sbt.enhancer.PlayEnhancer, play.sbt.Play, com.typesafe.sbt.packager.archetypes.JavaServerAppPackaging, play.twirl.sbt.SbtTwirl, sbt.plugins.JvmPlugin, play.sbt.PlayNettyServer, play.sbt.PlayLayoutPlugin, play.sbt.routes.RoutesCompiler, com.typesafe.sbt.jse.SbtJsTask, com.typesafe.sbt.jshint.SbtJSHint, com.typesafe.sbt.packager.archetypes.JavaAppPackaging, sbt.plugins.JUnitXmlReportPlugin, com.typesafe.sbt.mocha.SbtMocha, com.typesafe.sbt.less.SbtLess, com.typesafe.sbt.rjs.SbtRjs, com.typesafe.sbt.jse.SbtJsEngine, com.typesafe.sbt.coffeescript.SbtCoffeeScript, sbt.plugins.BackgroundRunPlugin, com.typesafe.sbt.packager.rpm.RpmPlugin, com.typesafe.sbt.packager.windows.WindowsPlugin, com.typesafe.sbt.web.SbtWeb, com.typesafe.sbt.packager.docker.DockerPlugin, play.sbt.forkrun.PlayForkRun, com.typesafe.sbt.packager.debian.DebianPlugin, com.typesafe.sbt.digest.SbtDigest, com.typesafe.sbt.packager.linux.LinuxPlugin)
  :: sorting:: found: List(sbt.plugins.CorePlugin, com.typesafe.sbt.SbtNativePackager, sbt.plugins.InteractionServicePlugin, sbt.plugins.SendEventServicePlugin, sbt.plugins.SerializersPlugin, sbt.plugins.IvyPlugin, com.typesafe.sbt.packager.universal.UniversalPlugin, sbt.plugins.JvmPlugin, com.typesafe.sbt.packager.windows.WindowsPlugin, com.typesafe.sbt.packager.docker.DockerPlugin, com.typesafe.sbt.packager.linux.LinuxPlugin) not found List(play.ebean.sbt.PlayEbean, play.sbt.PlayJava, com.typesafe.play.sbt.enhancer.PlayEnhancer, play.sbt.Play, com.typesafe.sbt.packager.archetypes.JavaServerAppPackaging, play.twirl.sbt.SbtTwirl, play.sbt.PlayNettyServer, play.sbt.PlayLayoutPlugin, play.sbt.routes.RoutesCompiler, com.typesafe.sbt.jse.SbtJsTask, com.typesafe.sbt.jshint.SbtJSHint, com.typesafe.sbt.packager.archetypes.JavaAppPackaging, sbt.plugins.JUnitXmlReportPlugin, com.typesafe.sbt.mocha.SbtMocha, com.typesafe.sbt.less.SbtLess, com.typesafe.sbt.rjs.SbtRjs, com.typesafe.sbt.jse.SbtJsEngine, com.typesafe.sbt.coffeescript.SbtCoffeeScript, sbt.plugins.BackgroundRunPlugin, com.typesafe.sbt.packager.rpm.RpmPlugin, com.typesafe.sbt.web.SbtWeb, play.sbt.forkrun.PlayForkRun, com.typesafe.sbt.packager.debian.DebianPlugin, com.typesafe.sbt.digest.SbtDigest)
  :: sorting:: found: List(sbt.plugins.CorePlugin, com.typesafe.sbt.SbtNativePackager, sbt.plugins.InteractionServicePlugin, sbt.plugins.SendEventServicePlugin, sbt.plugins.SerializersPlugin, sbt.plugins.IvyPlugin, com.typesafe.sbt.packager.universal.UniversalPlugin, sbt.plugins.JvmPlugin, com.typesafe.sbt.packager.windows.WindowsPlugin, com.typesafe.sbt.packager.docker.DockerPlugin, com.typesafe.sbt.packager.linux.LinuxPlugin, com.typesafe.play.sbt.enhancer.PlayEnhancer, play.twirl.sbt.SbtTwirl, play.sbt.routes.RoutesCompiler, sbt.plugins.JUnitXmlReportPlugin, sbt.plugins.BackgroundRunPlugin, com.typesafe.sbt.packager.rpm.RpmPlugin, com.typesafe.sbt.web.SbtWeb, com.typesafe.sbt.packager.debian.DebianPlugin) not found List(play.ebean.sbt.PlayEbean, play.sbt.PlayJava, play.sbt.Play, com.typesafe.sbt.packager.archetypes.JavaServerAppPackaging, play.sbt.PlayNettyServer, play.sbt.PlayLayoutPlugin, com.typesafe.sbt.jse.SbtJsTask, com.typesafe.sbt.jshint.SbtJSHint, com.typesafe.sbt.packager.archetypes.JavaAppPackaging, com.typesafe.sbt.mocha.SbtMocha, com.typesafe.sbt.less.SbtLess, com.typesafe.sbt.rjs.SbtRjs, com.typesafe.sbt.jse.SbtJsEngine, com.typesafe.sbt.coffeescript.SbtCoffeeScript, play.sbt.forkrun.PlayForkRun, com.typesafe.sbt.digest.SbtDigest)
  :: sorting:: found: List(sbt.plugins.CorePlugin, com.typesafe.sbt.SbtNativePackager, sbt.plugins.InteractionServicePlugin, sbt.plugins.SendEventServicePlugin, sbt.plugins.SerializersPlugin, sbt.plugins.IvyPlugin, com.typesafe.sbt.packager.universal.UniversalPlugin, sbt.plugins.JvmPlugin, com.typesafe.sbt.packager.windows.WindowsPlugin, com.typesafe.sbt.packager.docker.DockerPlugin, com.typesafe.sbt.packager.linux.LinuxPlugin, com.typesafe.play.sbt.enhancer.PlayEnhancer, play.twirl.sbt.SbtTwirl, play.sbt.routes.RoutesCompiler, sbt.plugins.JUnitXmlReportPlugin, sbt.plugins.BackgroundRunPlugin, com.typesafe.sbt.packager.rpm.RpmPlugin, com.typesafe.sbt.web.SbtWeb, com.typesafe.sbt.packager.debian.DebianPlugin, play.ebean.sbt.PlayEbean, com.typesafe.sbt.packager.archetypes.JavaAppPackaging, com.typesafe.sbt.jse.SbtJsEngine, com.typesafe.sbt.digest.SbtDigest) not found List(play.sbt.PlayJava, play.sbt.Play, com.typesafe.sbt.packager.archetypes.JavaServerAppPackaging, play.sbt.PlayNettyServer, play.sbt.PlayLayoutPlugin, com.typesafe.sbt.jse.SbtJsTask, com.typesafe.sbt.jshint.SbtJSHint, com.typesafe.sbt.mocha.SbtMocha, com.typesafe.sbt.less.SbtLess, com.typesafe.sbt.rjs.SbtRjs, com.typesafe.sbt.coffeescript.SbtCoffeeScript, play.sbt.forkrun.PlayForkRun)
  :: sorting:: found: List(sbt.plugins.CorePlugin, com.typesafe.sbt.SbtNativePackager, sbt.plugins.InteractionServicePlugin, sbt.plugins.SendEventServicePlugin, sbt.plugins.SerializersPlugin, sbt.plugins.IvyPlugin, com.typesafe.sbt.packager.universal.UniversalPlugin, sbt.plugins.JvmPlugin, com.typesafe.sbt.packager.windows.WindowsPlugin, com.typesafe.sbt.packager.docker.DockerPlugin, com.typesafe.sbt.packager.linux.LinuxPlugin, com.typesafe.play.sbt.enhancer.PlayEnhancer, play.twirl.sbt.SbtTwirl, play.sbt.routes.RoutesCompiler, sbt.plugins.JUnitXmlReportPlugin, sbt.plugins.BackgroundRunPlugin, com.typesafe.sbt.packager.rpm.RpmPlugin, com.typesafe.sbt.web.SbtWeb, com.typesafe.sbt.packager.debian.DebianPlugin, play.ebean.sbt.PlayEbean, com.typesafe.sbt.packager.archetypes.JavaAppPackaging, com.typesafe.sbt.jse.SbtJsEngine, com.typesafe.sbt.digest.SbtDigest, com.typesafe.sbt.packager.archetypes.JavaServerAppPackaging, com.typesafe.sbt.jse.SbtJsTask) not found List(play.sbt.PlayJava, play.sbt.Play, play.sbt.PlayNettyServer, play.sbt.PlayLayoutPlugin, com.typesafe.sbt.jshint.SbtJSHint, com.typesafe.sbt.mocha.SbtMocha, com.typesafe.sbt.less.SbtLess, com.typesafe.sbt.rjs.SbtRjs, com.typesafe.sbt.coffeescript.SbtCoffeeScript, play.sbt.forkrun.PlayForkRun)
  :: sorting:: found: List(sbt.plugins.CorePlugin, com.typesafe.sbt.SbtNativePackager, sbt.plugins.InteractionServicePlugin, sbt.plugins.SendEventServicePlugin, sbt.plugins.SerializersPlugin, sbt.plugins.IvyPlugin, com.typesafe.sbt.packager.universal.UniversalPlugin, sbt.plugins.JvmPlugin, com.typesafe.sbt.packager.windows.WindowsPlugin, com.typesafe.sbt.packager.docker.DockerPlugin, com.typesafe.sbt.packager.linux.LinuxPlugin, com.typesafe.play.sbt.enhancer.PlayEnhancer, play.twirl.sbt.SbtTwirl, play.sbt.routes.RoutesCompiler, sbt.plugins.JUnitXmlReportPlugin, sbt.plugins.BackgroundRunPlugin, com.typesafe.sbt.packager.rpm.RpmPlugin, com.typesafe.sbt.web.SbtWeb, com.typesafe.sbt.packager.debian.DebianPlugin, play.ebean.sbt.PlayEbean, com.typesafe.sbt.packager.archetypes.JavaAppPackaging, com.typesafe.sbt.jse.SbtJsEngine, com.typesafe.sbt.digest.SbtDigest, com.typesafe.sbt.packager.archetypes.JavaServerAppPackaging, com.typesafe.sbt.jse.SbtJsTask, play.sbt.Play, com.typesafe.sbt.jshint.SbtJSHint, com.typesafe.sbt.mocha.SbtMocha, com.typesafe.sbt.less.SbtLess, com.typesafe.sbt.rjs.SbtRjs, com.typesafe.sbt.coffeescript.SbtCoffeeScript) not found List(play.sbt.PlayJava, play.sbt.PlayNettyServer, play.sbt.PlayLayoutPlugin, play.sbt.forkrun.PlayForkRun)
  :: sorting:: found: List(sbt.plugins.CorePlugin, com.typesafe.sbt.SbtNativePackager, sbt.plugins.InteractionServicePlugin, sbt.plugins.SendEventServicePlugin, sbt.plugins.SerializersPlugin, sbt.plugins.IvyPlugin, com.typesafe.sbt.packager.universal.UniversalPlugin, sbt.plugins.JvmPlugin, com.typesafe.sbt.packager.windows.WindowsPlugin, com.typesafe.sbt.packager.docker.DockerPlugin, com.typesafe.sbt.packager.linux.LinuxPlugin, com.typesafe.play.sbt.enhancer.PlayEnhancer, play.twirl.sbt.SbtTwirl, play.sbt.routes.RoutesCompiler, sbt.plugins.JUnitXmlReportPlugin, sbt.plugins.BackgroundRunPlugin, com.typesafe.sbt.packager.rpm.RpmPlugin, com.typesafe.sbt.web.SbtWeb, com.typesafe.sbt.packager.debian.DebianPlugin, play.ebean.sbt.PlayEbean, com.typesafe.sbt.packager.archetypes.JavaAppPackaging, com.typesafe.sbt.jse.SbtJsEngine, com.typesafe.sbt.digest.SbtDigest, com.typesafe.sbt.packager.archetypes.JavaServerAppPackaging, com.typesafe.sbt.jse.SbtJsTask, play.sbt.Play, com.typesafe.sbt.jshint.SbtJSHint, com.typesafe.sbt.mocha.SbtMocha, com.typesafe.sbt.less.SbtLess, com.typesafe.sbt.rjs.SbtRjs, com.typesafe.sbt.coffeescript.SbtCoffeeScript, play.sbt.PlayJava, play.sbt.PlayNettyServer, play.sbt.PlayLayoutPlugin, play.sbt.forkrun.PlayForkRun) not found List()
  :: sorted deduced result: List(sbt.plugins.CorePlugin, com.typesafe.sbt.SbtNativePackager, sbt.plugins.InteractionServicePlugin, sbt.plugins.SendEventServicePlugin, sbt.plugins.SerializersPlugin, sbt.plugins.IvyPlugin, com.typesafe.sbt.packager.universal.UniversalPlugin, sbt.plugins.JvmPlugin, com.typesafe.sbt.packager.windows.WindowsPlugin, com.typesafe.sbt.packager.docker.DockerPlugin, com.typesafe.sbt.packager.linux.LinuxPlugin, com.typesafe.play.sbt.enhancer.PlayEnhancer, play.twirl.sbt.SbtTwirl, play.sbt.routes.RoutesCompiler, sbt.plugins.JUnitXmlReportPlugin, sbt.plugins.BackgroundRunPlugin, com.typesafe.sbt.packager.rpm.RpmPlugin, com.typesafe.sbt.web.SbtWeb, com.typesafe.sbt.packager.debian.DebianPlugin, play.ebean.sbt.PlayEbean, com.typesafe.sbt.packager.archetypes.JavaAppPackaging, com.typesafe.sbt.jse.SbtJsEngine, com.typesafe.sbt.digest.SbtDigest, com.typesafe.sbt.packager.archetypes.JavaServerAppPackaging, com.typesafe.sbt.jse.SbtJsTask, play.sbt.Play, com.typesafe.sbt.jshint.SbtJSHint, com.typesafe.sbt.mocha.SbtMocha, com.typesafe.sbt.less.SbtLess, com.typesafe.sbt.rjs.SbtRjs, com.typesafe.sbt.coffeescript.SbtCoffeeScript, play.sbt.PlayJava, play.sbt.PlayNettyServer, play.sbt.PlayLayoutPlugin, play.sbt.forkrun.PlayForkRun)
[Loading] Done in /Users/keima/Downloads/act/test, returning: (root)
Set current project to test (in build file:/Users/keima/Downloads/act/test/)
Reapplying settings...
Set current project to test (in build file:/Users/keima/Downloads/act/test/)
> iflast shell
> server-send-ready-for-request
> server-handle-next-server-request
> compile
Evaluating tasks: compile:compile
Running task... Cancel: sbt.server.ServerTaskCancellation@2cc9d5fd, check cycles: false

Initial source changes: 
	removed:Set()
	added: Set()
	modified: Set(/Users/keima/Downloads/act/test/target/scala-2.11/twirl/main/views/html/form.template.scala, /Users/keima/Downloads/act/test/app/controllers/Application.java)
Removed products: Set(/Users/keima/Downloads/act/test/target/scala-2.11/classes/views/html/form_Scope0$form$$anonfun$f$1.class, /Users/keima/Downloads/act/test/target/scala-2.11/classes/views/html/form_Scope0.class, /Users/keima/Downloads/act/test/target/scala-2.11/classes/views/html/form_Scope0$.class, /Users/keima/Downloads/act/test/target/scala-2.11/classes/views/html/form_Scope0$form.class, /Users/keima/Downloads/act/test/target/scala-2.11/classes/views/html/form$.class, /Users/keima/Downloads/act/test/target/scala-2.11/classes/views/html/form.class, /Users/keima/Downloads/act/test/target/scala-2.11/classes/controllers/Application.class)
External API changes: API Changes: Set()
Modified binary dependencies: Set()
Initial directly invalidated sources: Set(/Users/keima/Downloads/act/test/target/scala-2.11/twirl/main/views/html/form.template.scala, /Users/keima/Downloads/act/test/app/controllers/Application.java)

Sources indirectly invalidated by:
	product: Set(/Users/keima/Downloads/act/test/target/scala-2.11/twirl/main/views/html/form.template.scala, /Users/keima/Downloads/act/test/app/controllers/Application.java)
	binary dep: Set()
	external source: Set()
All initially invalidated sources: Set(/Users/keima/Downloads/act/test/target/scala-2.11/twirl/main/views/html/form.template.scala, /Users/keima/Downloads/act/test/app/controllers/Application.java)

Read from stdout: Compiling 1 Scala source and 1 Java source to /Users/keima/Downloads/act/test/target/scala-2.11/classes...
Compiling 1 Scala source and 1 Java source to /Users/keima/Downloads/act/test/target/scala-2.11/classes...
Getting compiler-interface from component compiler for Scala 2.11.6
Other repositories:
Default repositories:
Getting compiler-interface from component compiler for Scala 2.11.6
Other repositories:
Default repositories:
Running cached compiler 219dbda1, interfacing (CompilerInterface) with Scala compiler version 2.11.6
Calling Scala compiler with arguments  (CompilerInterface):
	-deprecation
	-unchecked
	-encoding
	utf8
	-bootclasspath
	/Library/Java/JavaVirtualMachines/jdk1.8.0_73.jdk/Contents/Home/jre/lib/resources.jar:/Library/Java/JavaVirtualMachines/jdk1.8.0_73.jdk/Contents/Home/jre/lib/rt.jar:/Library/Java/JavaVirtualMachines/jdk1.8.0_73.jdk/Contents/Home/jre/lib/sunrsasign.jar:/Library/Java/JavaVirtualMachines/jdk1.8.0_73.jdk/Contents/Home/jre/lib/jsse.jar:/Library/Java/JavaVirtualMachines/jdk1.8.0_73.jdk/Contents/Home/jre/lib/jce.jar:/Library/Java/JavaVirtualMachines/jdk1.8.0_73.jdk/Contents/Home/jre/lib/charsets.jar:/Library/Java/JavaVirtualMachines/jdk1.8.0_73.jdk/Contents/Home/jre/lib/jfr.jar:/Library/Java/JavaVirtualMachines/jdk1.8.0_73.jdk/Contents/Home/jre/classes:/Users/keima/.ivy2/cache/org.scala-lang/scala-library/jars/scala-library-2.11.6.jar
	-classpath
	/Users/keima/Downloads/act/test/target/scala-2.11/classes:/Users/keima/.ivy2/cache/com.typesafe.play/play-enhancer/jars/play-enhancer-1.1.0.jar:/Users/keima/.ivy2/cache/com.typesafe.play/twirl-api_2.11/jars/twirl-api_2.11-1.1.1.jar:/Users/keima/.ivy2/cache/org.apache.commons/commons-lang3/jars/commons-lang3-3.4.jar:/Users/keima/.ivy2/cache/org.scala-lang.modules/scala-xml_2.11/bundles/scala-xml_2.11-1.0.1.jar:/Users/keima/.ivy2/cache/com.typesafe.play/play-ebean_2.11/jars/play-ebean_2.11-1.0.0.jar:/Users/keima/.ivy2/cache/com.typesafe.play/play-java-jdbc_2.11/jars/play-java-jdbc_2.11-2.4.6.jar:/Users/keima/.ivy2/cache/com.typesafe.play/play-jdbc_2.11/jars/play-jdbc_2.11-2.4.6.jar:/Users/keima/.ivy2/cache/com.typesafe.play/play-jdbc-api_2.11/jars/play-jdbc-api_2.11-2.4.6.jar:/Users/keima/.ivy2/cache/com.typesafe.play/play_2.11/jars/play_2.11-2.4.6.jar:/Users/keima/.ivy2/cache/com.typesafe.play/build-link/jars/build-link-2.4.6.jar:/Users/keima/.ivy2/cache/com.typesafe.play/play-exceptions/jars/play-exceptions-2.4.6.jar:/Users/keima/.ivy2/cache/org.javassist/javassist/bundles/javassist-3.19.0-GA.jar:/Users/keima/.ivy2/cache/com.typesafe.play/play-iteratees_2.11/jars/play-iteratees_2.11-2.4.6.jar:/Users/keima/.ivy2/cache/org.scala-stm/scala-stm_2.11/jars/scala-stm_2.11-0.7.jar:/Users/keima/.ivy2/cache/com.typesafe/config/bundles/config-1.3.0.jar:/Users/keima/.ivy2/cache/com.typesafe.play/play-json_2.11/jars/play-json_2.11-2.4.6.jar:/Users/keima/.ivy2/cache/com.typesafe.play/play-functional_2.11/jars/play-functional_2.11-2.4.6.jar:/Users/keima/.ivy2/cache/com.typesafe.play/play-datacommons_2.11/jars/play-datacommons_2.11-2.4.6.jar:/Users/keima/.ivy2/cache/joda-time/joda-time/jars/joda-time-2.8.1.jar:/Users/keima/.ivy2/cache/org.joda/joda-convert/jars/joda-convert-1.7.jar:/Users/keima/.ivy2/cache/org.scala-lang/scala-reflect/jars/scala-reflect-2.11.6.jar:/Users/keima/.ivy2/cache/com.fasterxml.jackson.core/jackson-core/bundles/jackson-core-2.5.4.jar:/Users/keima/.ivy2/cache/com.fasterxml.jackson.core/jackson-annotations/bundles/jackson-annotations-2.5.4.jar:/Users/keima/.ivy2/cache/com.fasterxml.jackson.core/jackson-databind/bundles/jackson-databind-2.5.4.jar:/Users/keima/.ivy2/cache/com.fasterxml.jackson.datatype/jackson-datatype-jdk8/bundles/jackson-datatype-jdk8-2.5.4.jar:/Users/keima/.ivy2/cache/com.fasterxml.jackson.datatype/jackson-datatype-jsr310/bundles/jackson-datatype-jsr310-2.5.4.jar:/Users/keima/.ivy2/cache/com.typesafe.play/play-netty-utils/jars/play-netty-utils-2.4.6.jar:/Users/keima/.ivy2/cache/org.slf4j/slf4j-api/jars/slf4j-api-1.7.12.jar:/Users/keima/.ivy2/cache/org.slf4j/jul-to-slf4j/jars/jul-to-slf4j-1.7.12.jar:/Users/keima/.ivy2/cache/org.slf4j/jcl-over-slf4j/jars/jcl-over-slf4j-1.7.12.jar:/Users/keima/.ivy2/cache/org.scala-lang.modules/scala-parser-combinators_2.11/bundles/scala-parser-combinators_2.11-1.0.1.jar:/Users/keima/.ivy2/cache/ch.qos.logback/logback-core/jars/logback-core-1.1.3.jar:/Users/keima/.ivy2/cache/ch.qos.logback/logback-classic/jars/logback-classic-1.1.3.jar:/Users/keima/.ivy2/cache/com.typesafe.akka/akka-actor_2.11/jars/akka-actor_2.11-2.3.13.jar:/Users/keima/.ivy2/cache/com.typesafe.akka/akka-slf4j_2.11/jars/akka-slf4j_2.11-2.3.13.jar:/Users/keima/.ivy2/cache/commons-codec/commons-codec/jars/commons-codec-1.10.jar:/Users/keima/.ivy2/cache/xerces/xercesImpl/jars/xercesImpl-2.11.0.jar:/Users/keima/.ivy2/cache/xml-apis/xml-apis/jars/xml-apis-1.4.01.jar:/Users/keima/.ivy2/cache/javax.transaction/jta/jars/jta-1.1.jar:/Users/keima/.ivy2/cache/com.google.inject/guice/jars/guice-4.0.jar:/Users/keima/.ivy2/cache/javax.inject/javax.inject/jars/javax.inject-1.jar:/Users/keima/.ivy2/cache/aopalliance/aopalliance/jars/aopalliance-1.0.jar:/Users/keima/.ivy2/cache/com.google.inject.extensions/guice-assistedinject/jars/guice-assistedinject-4.0.jar:/Users/keima/.ivy2/cache/com.jolbox/bonecp/bundles/bonecp-0.8.0.RELEASE.jar:/Users/keima/.ivy2/cache/com.zaxxer/HikariCP/bundles/HikariCP-2.3.7.jar:/Users/keima/.ivy2/cache/com.h2database/h2/jars/h2-1.4.187.jar:/Users/keima/.ivy2/cache/tyrex/tyrex/jars/tyrex-1.0.1.jar:/Users/keima/.ivy2/cache/com.typesafe.play/play-java_2.11/jars/play-java_2.11-2.4.6.jar:/Users/keima/.ivy2/cache/org.scala-lang.modules/scala-java8-compat_2.11/bundles/scala-java8-compat_2.11-0.3.0.jar:/Users/keima/.ivy2/cache/org.yaml/snakeyaml/bundles/snakeyaml-1.15.jar:/Users/keima/.ivy2/cache/org.hibernate/hibernate-validator/jars/hibernate-validator-5.0.3.Final.jar:/Users/keima/.ivy2/cache/javax.validation/validation-api/jars/validation-api-1.1.0.Final.jar:/Users/keima/.ivy2/cache/com.fasterxml/classmate/bundles/classmate-1.0.0.jar:/Users/keima/.ivy2/cache/org.jboss.logging/jboss-logging/jars/jboss-logging-3.2.1.Final.jar:/Users/keima/.ivy2/cache/org.springframework/spring-context/jars/spring-context-4.1.6.RELEASE.jar:/Users/keima/.ivy2/cache/org.springframework/spring-core/jars/spring-core-4.1.6.RELEASE.jar:/Users/keima/.ivy2/cache/org.springframework/spring-beans/jars/spring-beans-4.1.6.RELEASE.jar:/Users/keima/.ivy2/cache/org.reflections/reflections/jars/reflections-0.9.9.jar:/Users/keima/.ivy2/cache/com.google.guava/guava/bundles/guava-18.0.jar:/Users/keima/.ivy2/cache/net.jodah/typetools/bundles/typetools-0.4.3.jar:/Users/keima/.ivy2/cache/com.google.code.findbugs/jsr305/jars/jsr305-2.0.3.jar:/Users/keima/.ivy2/cache/org.apache.tomcat/tomcat-servlet-api/jars/tomcat-servlet-api-8.0.21.jar:/Users/keima/.ivy2/cache/com.typesafe.play/play-jdbc-evolutions_2.11/jars/play-jdbc-evolutions_2.11-2.4.6.jar:/Users/keima/.ivy2/cache/org.avaje.ebeanorm/avaje-ebeanorm/jars/avaje-ebeanorm-4.6.2.jar:/Users/keima/.ivy2/cache/javax.persistence/persistence-api/jars/persistence-api-1.0.jar:/Users/keima/.ivy2/cache/org.avaje.ebeanorm/avaje-ebeanorm-agent/jars/avaje-ebeanorm-agent-4.5.3.jar:/Users/keima/.ivy2/cache/com.typesafe.play/play-server_2.11/jars/play-server_2.11-2.4.6.jar:/Users/keima/.ivy2/cache/com.typesafe.play/play-netty-server_2.11/jars/play-netty-server_2.11-2.4.6.jar:/Users/keima/.ivy2/cache/io.netty/netty/bundles/netty-3.10.4.Final.jar:/Users/keima/.ivy2/cache/com.typesafe.netty/netty-http-pipelining/jars/netty-http-pipelining-1.1.4.jar:/Users/keima/.ivy2/cache/com.typesafe.play/play-cache_2.11/jars/play-cache_2.11-2.4.6.jar:/Users/keima/.ivy2/cache/net.sf.ehcache/ehcache-core/jars/ehcache-core-2.6.11.jar:/Users/keima/.ivy2/cache/com.typesafe.play/play-java-ws_2.11/jars/play-java-ws_2.11-2.4.6.jar:/Users/keima/.ivy2/cache/com.typesafe.play/play-ws_2.11/jars/play-ws_2.11-2.4.6.jar:/Users/keima/.ivy2/cache/com.ning/async-http-client/jars/async-http-client-1.9.21.jar:/Users/keima/.ivy2/cache/oauth.signpost/signpost-core/jars/signpost-core-1.2.1.2.jar:/Users/keima/.ivy2/cache/oauth.signpost/signpost-commonshttp4/jars/signpost-commonshttp4-1.2.1.2.jar:/Users/keima/.ivy2/cache/org.apache.httpcomponents/httpcore/jars/httpcore-4.0.1.jar:/Users/keima/.ivy2/cache/org.apache.httpcomponents/httpclient/jars/httpclient-4.0.1.jar:/Users/keima/.ivy2/cache/commons-logging/commons-logging/jars/commons-logging-1.1.1.jar:/Users/keima/.ivy2/cache/mysql/mysql-connector-java/jars/mysql-connector-java-5.1.20.jar
Read from stdout: /Users/keima/Downloads/act/test/app/views/form.scala.html:1: value submit is not a member of controllers.ReverseApplication
/Users/keima/Downloads/act/test/app/views/form.scala.html:1: value submit is not a member of controllers.ReverseApplication
Read from stdout: @helper.form(action = routes.Application.submit()) {
@helper.form(action = routes.Application.submit()) {
Read from stdout: ^
                                         ^
Read from stdout: one error found
one error found
Compilation failed (CompilerInterface)
Read from stdout: (compile:compileIncremental) Compilation failed
(compile:compileIncremental) Compilation failed
Total time: 10 s, completed 2016/02/28 3:56:32
> server-post-command-error-handler
> server-post-command-cleanup
> server-handle-next-server-request
> {file:/Users/keima/Downloads/act/test/}root/compile:discoveredMainClasses
Evaluating tasks: compile:discoveredMainClasses
Running task... Cancel: sbt.server.ServerTaskCancellation@3a4d28d3, check cycles: false

Initial source changes: 
	removed:Set(/Users/keima/Downloads/act/test/app/controllers/Form.java)
	added: Set()
	modified: Set(/Users/keima/Downloads/act/test/target/scala-2.11/twirl/main/views/html/form.template.scala, /Users/keima/Downloads/act/test/app/controllers/Application.java)
Removed products: Set(/Users/keima/Downloads/act/test/target/scala-2.11/classes/views/html/form_Scope0$form$$anonfun$f$1.class, /Users/keima/Downloads/act/test/target/scala-2.11/classes/views/html/form_Scope0.class, /Users/keima/Downloads/act/test/target/scala-2.11/classes/views/html/form_Scope0$.class, /Users/keima/Downloads/act/test/target/scala-2.11/classes/views/html/form_Scope0$form.class, /Users/keima/Downloads/act/test/target/scala-2.11/classes/views/html/form$.class, /Users/keima/Downloads/act/test/target/scala-2.11/classes/views/html/form.class, /Users/keima/Downloads/act/test/target/scala-2.11/classes/controllers/Application.class)
External API changes: API Changes: Set()
Modified binary dependencies: Set()
Initial directly invalidated sources: Set(/Users/keima/Downloads/act/test/app/controllers/Form.java, /Users/keima/Downloads/act/test/target/scala-2.11/twirl/main/views/html/form.template.scala, /Users/keima/Downloads/act/test/app/controllers/Application.java)

Sources indirectly invalidated by:
	product: Set(/Users/keima/Downloads/act/test/target/scala-2.11/twirl/main/views/html/form.template.scala, /Users/keima/Downloads/act/test/app/controllers/Application.java)
	binary dep: Set()
	external source: Set()
All initially invalidated sources: Set(/Users/keima/Downloads/act/test/app/controllers/Form.java, /Users/keima/Downloads/act/test/target/scala-2.11/twirl/main/views/html/form.template.scala, /Users/keima/Downloads/act/test/app/controllers/Application.java)

Read from stdout: Compiling 1 Scala source and 1 Java source to /Users/keima/Downloads/act/test/target/scala-2.11/classes...
Compiling 1 Scala source and 1 Java source to /Users/keima/Downloads/act/test/target/scala-2.11/classes...
Getting compiler-interface from component compiler for Scala 2.11.6
Other repositories:
Default repositories:
Getting compiler-interface from component compiler for Scala 2.11.6
Other repositories:
Default repositories:
Running cached compiler 1577d86, interfacing (CompilerInterface) with Scala compiler version 2.11.6
Calling Scala compiler with arguments  (CompilerInterface):
	-deprecation
	-unchecked
	-encoding
	utf8
	-bootclasspath
	/Library/Java/JavaVirtualMachines/jdk1.8.0_73.jdk/Contents/Home/jre/lib/resources.jar:/Library/Java/JavaVirtualMachines/jdk1.8.0_73.jdk/Contents/Home/jre/lib/rt.jar:/Library/Java/JavaVirtualMachines/jdk1.8.0_73.jdk/Contents/Home/jre/lib/sunrsasign.jar:/Library/Java/JavaVirtualMachines/jdk1.8.0_73.jdk/Contents/Home/jre/lib/jsse.jar:/Library/Java/JavaVirtualMachines/jdk1.8.0_73.jdk/Contents/Home/jre/lib/jce.jar:/Library/Java/JavaVirtualMachines/jdk1.8.0_73.jdk/Contents/Home/jre/lib/charsets.jar:/Library/Java/JavaVirtualMachines/jdk1.8.0_73.jdk/Contents/Home/jre/lib/jfr.jar:/Library/Java/JavaVirtualMachines/jdk1.8.0_73.jdk/Contents/Home/jre/classes:/Users/keima/.ivy2/cache/org.scala-lang/scala-library/jars/scala-library-2.11.6.jar
	-classpath
	/Users/keima/Downloads/act/test/target/scala-2.11/classes:/Users/keima/.ivy2/cache/com.typesafe.play/play-enhancer/jars/play-enhancer-1.1.0.jar:/Users/keima/.ivy2/cache/com.typesafe.play/twirl-api_2.11/jars/twirl-api_2.11-1.1.1.jar:/Users/keima/.ivy2/cache/org.apache.commons/commons-lang3/jars/commons-lang3-3.4.jar:/Users/keima/.ivy2/cache/org.scala-lang.modules/scala-xml_2.11/bundles/scala-xml_2.11-1.0.1.jar:/Users/keima/.ivy2/cache/com.typesafe.play/play-ebean_2.11/jars/play-ebean_2.11-1.0.0.jar:/Users/keima/.ivy2/cache/com.typesafe.play/play-java-jdbc_2.11/jars/play-java-jdbc_2.11-2.4.6.jar:/Users/keima/.ivy2/cache/com.typesafe.play/play-jdbc_2.11/jars/play-jdbc_2.11-2.4.6.jar:/Users/keima/.ivy2/cache/com.typesafe.play/play-jdbc-api_2.11/jars/play-jdbc-api_2.11-2.4.6.jar:/Users/keima/.ivy2/cache/com.typesafe.play/play_2.11/jars/play_2.11-2.4.6.jar:/Users/keima/.ivy2/cache/com.typesafe.play/build-link/jars/build-link-2.4.6.jar:/Users/keima/.ivy2/cache/com.typesafe.play/play-exceptions/jars/play-exceptions-2.4.6.jar:/Users/keima/.ivy2/cache/org.javassist/javassist/bundles/javassist-3.19.0-GA.jar:/Users/keima/.ivy2/cache/com.typesafe.play/play-iteratees_2.11/jars/play-iteratees_2.11-2.4.6.jar:/Users/keima/.ivy2/cache/org.scala-stm/scala-stm_2.11/jars/scala-stm_2.11-0.7.jar:/Users/keima/.ivy2/cache/com.typesafe/config/bundles/config-1.3.0.jar:/Users/keima/.ivy2/cache/com.typesafe.play/play-json_2.11/jars/play-json_2.11-2.4.6.jar:/Users/keima/.ivy2/cache/com.typesafe.play/play-functional_2.11/jars/play-functional_2.11-2.4.6.jar:/Users/keima/.ivy2/cache/com.typesafe.play/play-datacommons_2.11/jars/play-datacommons_2.11-2.4.6.jar:/Users/keima/.ivy2/cache/joda-time/joda-time/jars/joda-time-2.8.1.jar:/Users/keima/.ivy2/cache/org.joda/joda-convert/jars/joda-convert-1.7.jar:/Users/keima/.ivy2/cache/org.scala-lang/scala-reflect/jars/scala-reflect-2.11.6.jar:/Users/keima/.ivy2/cache/com.fasterxml.jackson.core/jackson-core/bundles/jackson-core-2.5.4.jar:/Users/keima/.ivy2/cache/com.fasterxml.jackson.core/jackson-annotations/bundles/jackson-annotations-2.5.4.jar:/Users/keima/.ivy2/cache/com.fasterxml.jackson.core/jackson-databind/bundles/jackson-databind-2.5.4.jar:/Users/keima/.ivy2/cache/com.fasterxml.jackson.datatype/jackson-datatype-jdk8/bundles/jackson-datatype-jdk8-2.5.4.jar:/Users/keima/.ivy2/cache/com.fasterxml.jackson.datatype/jackson-datatype-jsr310/bundles/jackson-datatype-jsr310-2.5.4.jar:/Users/keima/.ivy2/cache/com.typesafe.play/play-netty-utils/jars/play-netty-utils-2.4.6.jar:/Users/keima/.ivy2/cache/org.slf4j/slf4j-api/jars/slf4j-api-1.7.12.jar:/Users/keima/.ivy2/cache/org.slf4j/jul-to-slf4j/jars/jul-to-slf4j-1.7.12.jar:/Users/keima/.ivy2/cache/org.slf4j/jcl-over-slf4j/jars/jcl-over-slf4j-1.7.12.jar:/Users/keima/.ivy2/cache/org.scala-lang.modules/scala-parser-combinators_2.11/bundles/scala-parser-combinators_2.11-1.0.1.jar:/Users/keima/.ivy2/cache/ch.qos.logback/logback-core/jars/logback-core-1.1.3.jar:/Users/keima/.ivy2/cache/ch.qos.logback/logback-classic/jars/logback-classic-1.1.3.jar:/Users/keima/.ivy2/cache/com.typesafe.akka/akka-actor_2.11/jars/akka-actor_2.11-2.3.13.jar:/Users/keima/.ivy2/cache/com.typesafe.akka/akka-slf4j_2.11/jars/akka-slf4j_2.11-2.3.13.jar:/Users/keima/.ivy2/cache/commons-codec/commons-codec/jars/commons-codec-1.10.jar:/Users/keima/.ivy2/cache/xerces/xercesImpl/jars/xercesImpl-2.11.0.jar:/Users/keima/.ivy2/cache/xml-apis/xml-apis/jars/xml-apis-1.4.01.jar:/Users/keima/.ivy2/cache/javax.transaction/jta/jars/jta-1.1.jar:/Users/keima/.ivy2/cache/com.google.inject/guice/jars/guice-4.0.jar:/Users/keima/.ivy2/cache/javax.inject/javax.inject/jars/javax.inject-1.jar:/Users/keima/.ivy2/cache/aopalliance/aopalliance/jars/aopalliance-1.0.jar:/Users/keima/.ivy2/cache/com.google.inject.extensions/guice-assistedinject/jars/guice-assistedinject-4.0.jar:/Users/keima/.ivy2/cache/com.jolbox/bonecp/bundles/bonecp-0.8.0.RELEASE.jar:/Users/keima/.ivy2/cache/com.zaxxer/HikariCP/bundles/HikariCP-2.3.7.jar:/Users/keima/.ivy2/cache/com.h2database/h2/jars/h2-1.4.187.jar:/Users/keima/.ivy2/cache/tyrex/tyrex/jars/tyrex-1.0.1.jar:/Users/keima/.ivy2/cache/com.typesafe.play/play-java_2.11/jars/play-java_2.11-2.4.6.jar:/Users/keima/.ivy2/cache/org.scala-lang.modules/scala-java8-compat_2.11/bundles/scala-java8-compat_2.11-0.3.0.jar:/Users/keima/.ivy2/cache/org.yaml/snakeyaml/bundles/snakeyaml-1.15.jar:/Users/keima/.ivy2/cache/org.hibernate/hibernate-validator/jars/hibernate-validator-5.0.3.Final.jar:/Users/keima/.ivy2/cache/javax.validation/validation-api/jars/validation-api-1.1.0.Final.jar:/Users/keima/.ivy2/cache/com.fasterxml/classmate/bundles/classmate-1.0.0.jar:/Users/keima/.ivy2/cache/org.jboss.logging/jboss-logging/jars/jboss-logging-3.2.1.Final.jar:/Users/keima/.ivy2/cache/org.springframework/spring-context/jars/spring-context-4.1.6.RELEASE.jar:/Users/keima/.ivy2/cache/org.springframework/spring-core/jars/spring-core-4.1.6.RELEASE.jar:/Users/keima/.ivy2/cache/org.springframework/spring-beans/jars/spring-beans-4.1.6.RELEASE.jar:/Users/keima/.ivy2/cache/org.reflections/reflections/jars/reflections-0.9.9.jar:/Users/keima/.ivy2/cache/com.google.guava/guava/bundles/guava-18.0.jar:/Users/keima/.ivy2/cache/net.jodah/typetools/bundles/typetools-0.4.3.jar:/Users/keima/.ivy2/cache/com.google.code.findbugs/jsr305/jars/jsr305-2.0.3.jar:/Users/keima/.ivy2/cache/org.apache.tomcat/tomcat-servlet-api/jars/tomcat-servlet-api-8.0.21.jar:/Users/keima/.ivy2/cache/com.typesafe.play/play-jdbc-evolutions_2.11/jars/play-jdbc-evolutions_2.11-2.4.6.jar:/Users/keima/.ivy2/cache/org.avaje.ebeanorm/avaje-ebeanorm/jars/avaje-ebeanorm-4.6.2.jar:/Users/keima/.ivy2/cache/javax.persistence/persistence-api/jars/persistence-api-1.0.jar:/Users/keima/.ivy2/cache/org.avaje.ebeanorm/avaje-ebeanorm-agent/jars/avaje-ebeanorm-agent-4.5.3.jar:/Users/keima/.ivy2/cache/com.typesafe.play/play-server_2.11/jars/play-server_2.11-2.4.6.jar:/Users/keima/.ivy2/cache/com.typesafe.play/play-netty-server_2.11/jars/play-netty-server_2.11-2.4.6.jar:/Users/keima/.ivy2/cache/io.netty/netty/bundles/netty-3.10.4.Final.jar:/Users/keima/.ivy2/cache/com.typesafe.netty/netty-http-pipelining/jars/netty-http-pipelining-1.1.4.jar:/Users/keima/.ivy2/cache/com.typesafe.play/play-cache_2.11/jars/play-cache_2.11-2.4.6.jar:/Users/keima/.ivy2/cache/net.sf.ehcache/ehcache-core/jars/ehcache-core-2.6.11.jar:/Users/keima/.ivy2/cache/com.typesafe.play/play-java-ws_2.11/jars/play-java-ws_2.11-2.4.6.jar:/Users/keima/.ivy2/cache/com.typesafe.play/play-ws_2.11/jars/play-ws_2.11-2.4.6.jar:/Users/keima/.ivy2/cache/com.ning/async-http-client/jars/async-http-client-1.9.21.jar:/Users/keima/.ivy2/cache/oauth.signpost/signpost-core/jars/signpost-core-1.2.1.2.jar:/Users/keima/.ivy2/cache/oauth.signpost/signpost-commonshttp4/jars/signpost-commonshttp4-1.2.1.2.jar:/Users/keima/.ivy2/cache/org.apache.httpcomponents/httpcore/jars/httpcore-4.0.1.jar:/Users/keima/.ivy2/cache/org.apache.httpcomponents/httpclient/jars/httpclient-4.0.1.jar:/Users/keima/.ivy2/cache/commons-logging/commons-logging/jars/commons-logging-1.1.1.jar:/Users/keima/.ivy2/cache/mysql/mysql-connector-java/jars/mysql-connector-java-5.1.20.jar
Read from stdout: /Users/keima/Downloads/act/test/app/views/form.scala.html:1: value submit is not a member of controllers.ReverseApplication
/Users/keima/Downloads/act/test/app/views/form.scala.html:1: value submit is not a member of controllers.ReverseApplication
Read from stdout: @helper.form(action = routes.Application.submit()) {
@helper.form(action = routes.Application.submit()) {
Read from stdout: ^
                                         ^
Read from stdout: one error found
one error found
Compilation failed (CompilerInterface)
Read from stdout: (compile:compileIncremental) Compilation failed
(compile:compileIncremental) Compilation failed
Total time: 2 s, completed 2016/02/28 3:56:34
> server-post-command-error-handler
> server-post-command-cleanup
> server-handle-next-server-request
> {file:/Users/keima/Downloads/act/test/}root/compile:mainClass
Evaluating tasks: compile:mainClass
Running task... Cancel: sbt.server.ServerTaskCancellation@3e0fa4be, check cycles: false
Total time: 0 s, completed 2016/02/28 3:56:34
> server-post-command-cleanup
> server-handle-next-server-request
> compile
Evaluating tasks: compile:compile
Running task... Cancel: sbt.server.ServerTaskCancellation@212ce8c9, check cycles: false

Initial source changes: 
	removed:Set(/Users/keima/Downloads/act/test/app/controllers/Form.java)
	added: Set()
	modified: Set(/Users/keima/Downloads/act/test/target/scala-2.11/twirl/main/views/html/form.template.scala, /Users/keima/Downloads/act/test/app/controllers/Application.java)
Removed products: Set(/Users/keima/Downloads/act/test/target/scala-2.11/classes/views/html/form_Scope0$form$$anonfun$f$1.class, /Users/keima/Downloads/act/test/target/scala-2.11/classes/views/html/form_Scope0.class, /Users/keima/Downloads/act/test/target/scala-2.11/classes/views/html/form_Scope0$.class, /Users/keima/Downloads/act/test/target/scala-2.11/classes/views/html/form_Scope0$form.class, /Users/keima/Downloads/act/test/target/scala-2.11/classes/views/html/form$.class, /Users/keima/Downloads/act/test/target/scala-2.11/classes/views/html/form.class, /Users/keima/Downloads/act/test/target/scala-2.11/classes/controllers/Application.class)
External API changes: API Changes: Set()
Modified binary dependencies: Set()
Initial directly invalidated sources: Set(/Users/keima/Downloads/act/test/app/controllers/Form.java, /Users/keima/Downloads/act/test/target/scala-2.11/twirl/main/views/html/form.template.scala, /Users/keima/Downloads/act/test/app/controllers/Application.java)

Sources indirectly invalidated by:
	product: Set(/Users/keima/Downloads/act/test/target/scala-2.11/twirl/main/views/html/form.template.scala, /Users/keima/Downloads/act/test/app/controllers/Application.java)
	binary dep: Set()
	external source: Set()
All initially invalidated sources: Set(/Users/keima/Downloads/act/test/app/controllers/Form.java, /Users/keima/Downloads/act/test/target/scala-2.11/twirl/main/views/html/form.template.scala, /Users/keima/Downloads/act/test/app/controllers/Application.java)

Read from stdout: Compiling 1 Scala source and 1 Java source to /Users/keima/Downloads/act/test/target/scala-2.11/classes...
Compiling 1 Scala source and 1 Java source to /Users/keima/Downloads/act/test/target/scala-2.11/classes...
Getting compiler-interface from component compiler for Scala 2.11.6
Other repositories:
Default repositories:
Getting compiler-interface from component compiler for Scala 2.11.6
Other repositories:
Default repositories:
Running cached compiler 3b4b69af, interfacing (CompilerInterface) with Scala compiler version 2.11.6
Calling Scala compiler with arguments  (CompilerInterface):
	-deprecation
	-unchecked
	-encoding
	utf8
	-bootclasspath
	/Library/Java/JavaVirtualMachines/jdk1.8.0_73.jdk/Contents/Home/jre/lib/resources.jar:/Library/Java/JavaVirtualMachines/jdk1.8.0_73.jdk/Contents/Home/jre/lib/rt.jar:/Library/Java/JavaVirtualMachines/jdk1.8.0_73.jdk/Contents/Home/jre/lib/sunrsasign.jar:/Library/Java/JavaVirtualMachines/jdk1.8.0_73.jdk/Contents/Home/jre/lib/jsse.jar:/Library/Java/JavaVirtualMachines/jdk1.8.0_73.jdk/Contents/Home/jre/lib/jce.jar:/Library/Java/JavaVirtualMachines/jdk1.8.0_73.jdk/Contents/Home/jre/lib/charsets.jar:/Library/Java/JavaVirtualMachines/jdk1.8.0_73.jdk/Contents/Home/jre/lib/jfr.jar:/Library/Java/JavaVirtualMachines/jdk1.8.0_73.jdk/Contents/Home/jre/classes:/Users/keima/.ivy2/cache/org.scala-lang/scala-library/jars/scala-library-2.11.6.jar
	-classpath
	/Users/keima/Downloads/act/test/target/scala-2.11/classes:/Users/keima/.ivy2/cache/com.typesafe.play/play-enhancer/jars/play-enhancer-1.1.0.jar:/Users/keima/.ivy2/cache/com.typesafe.play/twirl-api_2.11/jars/twirl-api_2.11-1.1.1.jar:/Users/keima/.ivy2/cache/org.apache.commons/commons-lang3/jars/commons-lang3-3.4.jar:/Users/keima/.ivy2/cache/org.scala-lang.modules/scala-xml_2.11/bundles/scala-xml_2.11-1.0.1.jar:/Users/keima/.ivy2/cache/com.typesafe.play/play-ebean_2.11/jars/play-ebean_2.11-1.0.0.jar:/Users/keima/.ivy2/cache/com.typesafe.play/play-java-jdbc_2.11/jars/play-java-jdbc_2.11-2.4.6.jar:/Users/keima/.ivy2/cache/com.typesafe.play/play-jdbc_2.11/jars/play-jdbc_2.11-2.4.6.jar:/Users/keima/.ivy2/cache/com.typesafe.play/play-jdbc-api_2.11/jars/play-jdbc-api_2.11-2.4.6.jar:/Users/keima/.ivy2/cache/com.typesafe.play/play_2.11/jars/play_2.11-2.4.6.jar:/Users/keima/.ivy2/cache/com.typesafe.play/build-link/jars/build-link-2.4.6.jar:/Users/keima/.ivy2/cache/com.typesafe.play/play-exceptions/jars/play-exceptions-2.4.6.jar:/Users/keima/.ivy2/cache/org.javassist/javassist/bundles/javassist-3.19.0-GA.jar:/Users/keima/.ivy2/cache/com.typesafe.play/play-iteratees_2.11/jars/play-iteratees_2.11-2.4.6.jar:/Users/keima/.ivy2/cache/org.scala-stm/scala-stm_2.11/jars/scala-stm_2.11-0.7.jar:/Users/keima/.ivy2/cache/com.typesafe/config/bundles/config-1.3.0.jar:/Users/keima/.ivy2/cache/com.typesafe.play/play-json_2.11/jars/play-json_2.11-2.4.6.jar:/Users/keima/.ivy2/cache/com.typesafe.play/play-functional_2.11/jars/play-functional_2.11-2.4.6.jar:/Users/keima/.ivy2/cache/com.typesafe.play/play-datacommons_2.11/jars/play-datacommons_2.11-2.4.6.jar:/Users/keima/.ivy2/cache/joda-time/joda-time/jars/joda-time-2.8.1.jar:/Users/keima/.ivy2/cache/org.joda/joda-convert/jars/joda-convert-1.7.jar:/Users/keima/.ivy2/cache/org.scala-lang/scala-reflect/jars/scala-reflect-2.11.6.jar:/Users/keima/.ivy2/cache/com.fasterxml.jackson.core/jackson-core/bundles/jackson-core-2.5.4.jar:/Users/keima/.ivy2/cache/com.fasterxml.jackson.core/jackson-annotations/bundles/jackson-annotations-2.5.4.jar:/Users/keima/.ivy2/cache/com.fasterxml.jackson.core/jackson-databind/bundles/jackson-databind-2.5.4.jar:/Users/keima/.ivy2/cache/com.fasterxml.jackson.datatype/jackson-datatype-jdk8/bundles/jackson-datatype-jdk8-2.5.4.jar:/Users/keima/.ivy2/cache/com.fasterxml.jackson.datatype/jackson-datatype-jsr310/bundles/jackson-datatype-jsr310-2.5.4.jar:/Users/keima/.ivy2/cache/com.typesafe.play/play-netty-utils/jars/play-netty-utils-2.4.6.jar:/Users/keima/.ivy2/cache/org.slf4j/slf4j-api/jars/slf4j-api-1.7.12.jar:/Users/keima/.ivy2/cache/org.slf4j/jul-to-slf4j/jars/jul-to-slf4j-1.7.12.jar:/Users/keima/.ivy2/cache/org.slf4j/jcl-over-slf4j/jars/jcl-over-slf4j-1.7.12.jar:/Users/keima/.ivy2/cache/org.scala-lang.modules/scala-parser-combinators_2.11/bundles/scala-parser-combinators_2.11-1.0.1.jar:/Users/keima/.ivy2/cache/ch.qos.logback/logback-core/jars/logback-core-1.1.3.jar:/Users/keima/.ivy2/cache/ch.qos.logback/logback-classic/jars/logback-classic-1.1.3.jar:/Users/keima/.ivy2/cache/com.typesafe.akka/akka-actor_2.11/jars/akka-actor_2.11-2.3.13.jar:/Users/keima/.ivy2/cache/com.typesafe.akka/akka-slf4j_2.11/jars/akka-slf4j_2.11-2.3.13.jar:/Users/keima/.ivy2/cache/commons-codec/commons-codec/jars/commons-codec-1.10.jar:/Users/keima/.ivy2/cache/xerces/xercesImpl/jars/xercesImpl-2.11.0.jar:/Users/keima/.ivy2/cache/xml-apis/xml-apis/jars/xml-apis-1.4.01.jar:/Users/keima/.ivy2/cache/javax.transaction/jta/jars/jta-1.1.jar:/Users/keima/.ivy2/cache/com.google.inject/guice/jars/guice-4.0.jar:/Users/keima/.ivy2/cache/javax.inject/javax.inject/jars/javax.inject-1.jar:/Users/keima/.ivy2/cache/aopalliance/aopalliance/jars/aopalliance-1.0.jar:/Users/keima/.ivy2/cache/com.google.inject.extensions/guice-assistedinject/jars/guice-assistedinject-4.0.jar:/Users/keima/.ivy2/cache/com.jolbox/bonecp/bundles/bonecp-0.8.0.RELEASE.jar:/Users/keima/.ivy2/cache/com.zaxxer/HikariCP/bundles/HikariCP-2.3.7.jar:/Users/keima/.ivy2/cache/com.h2database/h2/jars/h2-1.4.187.jar:/Users/keima/.ivy2/cache/tyrex/tyrex/jars/tyrex-1.0.1.jar:/Users/keima/.ivy2/cache/com.typesafe.play/play-java_2.11/jars/play-java_2.11-2.4.6.jar:/Users/keima/.ivy2/cache/org.scala-lang.modules/scala-java8-compat_2.11/bundles/scala-java8-compat_2.11-0.3.0.jar:/Users/keima/.ivy2/cache/org.yaml/snakeyaml/bundles/snakeyaml-1.15.jar:/Users/keima/.ivy2/cache/org.hibernate/hibernate-validator/jars/hibernate-validator-5.0.3.Final.jar:/Users/keima/.ivy2/cache/javax.validation/validation-api/jars/validation-api-1.1.0.Final.jar:/Users/keima/.ivy2/cache/com.fasterxml/classmate/bundles/classmate-1.0.0.jar:/Users/keima/.ivy2/cache/org.jboss.logging/jboss-logging/jars/jboss-logging-3.2.1.Final.jar:/Users/keima/.ivy2/cache/org.springframework/spring-context/jars/spring-context-4.1.6.RELEASE.jar:/Users/keima/.ivy2/cache/org.springframework/spring-core/jars/spring-core-4.1.6.RELEASE.jar:/Users/keima/.ivy2/cache/org.springframework/spring-beans/jars/spring-beans-4.1.6.RELEASE.jar:/Users/keima/.ivy2/cache/org.reflections/reflections/jars/reflections-0.9.9.jar:/Users/keima/.ivy2/cache/com.google.guava/guava/bundles/guava-18.0.jar:/Users/keima/.ivy2/cache/net.jodah/typetools/bundles/typetools-0.4.3.jar:/Users/keima/.ivy2/cache/com.google.code.findbugs/jsr305/jars/jsr305-2.0.3.jar:/Users/keima/.ivy2/cache/org.apache.tomcat/tomcat-servlet-api/jars/tomcat-servlet-api-8.0.21.jar:/Users/keima/.ivy2/cache/com.typesafe.play/play-jdbc-evolutions_2.11/jars/play-jdbc-evolutions_2.11-2.4.6.jar:/Users/keima/.ivy2/cache/org.avaje.ebeanorm/avaje-ebeanorm/jars/avaje-ebeanorm-4.6.2.jar:/Users/keima/.ivy2/cache/javax.persistence/persistence-api/jars/persistence-api-1.0.jar:/Users/keima/.ivy2/cache/org.avaje.ebeanorm/avaje-ebeanorm-agent/jars/avaje-ebeanorm-agent-4.5.3.jar:/Users/keima/.ivy2/cache/com.typesafe.play/play-server_2.11/jars/play-server_2.11-2.4.6.jar:/Users/keima/.ivy2/cache/com.typesafe.play/play-netty-server_2.11/jars/play-netty-server_2.11-2.4.6.jar:/Users/keima/.ivy2/cache/io.netty/netty/bundles/netty-3.10.4.Final.jar:/Users/keima/.ivy2/cache/com.typesafe.netty/netty-http-pipelining/jars/netty-http-pipelining-1.1.4.jar:/Users/keima/.ivy2/cache/com.typesafe.play/play-cache_2.11/jars/play-cache_2.11-2.4.6.jar:/Users/keima/.ivy2/cache/net.sf.ehcache/ehcache-core/jars/ehcache-core-2.6.11.jar:/Users/keima/.ivy2/cache/com.typesafe.play/play-java-ws_2.11/jars/play-java-ws_2.11-2.4.6.jar:/Users/keima/.ivy2/cache/com.typesafe.play/play-ws_2.11/jars/play-ws_2.11-2.4.6.jar:/Users/keima/.ivy2/cache/com.ning/async-http-client/jars/async-http-client-1.9.21.jar:/Users/keima/.ivy2/cache/oauth.signpost/signpost-core/jars/signpost-core-1.2.1.2.jar:/Users/keima/.ivy2/cache/oauth.signpost/signpost-commonshttp4/jars/signpost-commonshttp4-1.2.1.2.jar:/Users/keima/.ivy2/cache/org.apache.httpcomponents/httpcore/jars/httpcore-4.0.1.jar:/Users/keima/.ivy2/cache/org.apache.httpcomponents/httpclient/jars/httpclient-4.0.1.jar:/Users/keima/.ivy2/cache/commons-logging/commons-logging/jars/commons-logging-1.1.1.jar:/Users/keima/.ivy2/cache/mysql/mysql-connector-java/jars/mysql-connector-java-5.1.20.jar
Read from stdout: /Users/keima/Downloads/act/test/app/views/form.scala.html:1: value submit is not a member of controllers.ReverseApplication
/Users/keima/Downloads/act/test/app/views/form.scala.html:1: value submit is not a member of controllers.ReverseApplication
Read from stdout: @helper.form(action = routes.Application.submit()) {
@helper.form(action = routes.Application.submit()) {
Read from stdout: ^
                                         ^
Read from stdout: one error found
one error found
Compilation failed (CompilerInterface)
Read from stdout: (compile:compileIncremental) Compilation failed
(compile:compileIncremental) Compilation failed
Total time: 2 s, completed 2016/02/28 3:56:36
> server-post-command-error-handler
> server-post-command-cleanup
> server-handle-next-server-request
> {file:/Users/keima/Downloads/act/test/}root/compile:discoveredMainClasses
Evaluating tasks: compile:discoveredMainClasses
Running task... Cancel: sbt.server.ServerTaskCancellation@1d2dd5aa, check cycles: false

Initial source changes: 
	removed:Set(/Users/keima/Downloads/act/test/app/controllers/Form.java)
	added: Set()
	modified: Set(/Users/keima/Downloads/act/test/target/scala-2.11/twirl/main/views/html/form.template.scala, /Users/keima/Downloads/act/test/app/controllers/Application.java)
Removed products: Set(/Users/keima/Downloads/act/test/target/scala-2.11/classes/views/html/form_Scope0$form$$anonfun$f$1.class, /Users/keima/Downloads/act/test/target/scala-2.11/classes/views/html/form_Scope0.class, /Users/keima/Downloads/act/test/target/scala-2.11/classes/views/html/form_Scope0$.class, /Users/keima/Downloads/act/test/target/scala-2.11/classes/views/html/form_Scope0$form.class, /Users/keima/Downloads/act/test/target/scala-2.11/classes/views/html/form$.class, /Users/keima/Downloads/act/test/target/scala-2.11/classes/views/html/form.class, /Users/keima/Downloads/act/test/target/scala-2.11/classes/controllers/Application.class)
External API changes: API Changes: Set()
Modified binary dependencies: Set()
Initial directly invalidated sources: Set(/Users/keima/Downloads/act/test/app/controllers/Form.java, /Users/keima/Downloads/act/test/target/scala-2.11/twirl/main/views/html/form.template.scala, /Users/keima/Downloads/act/test/app/controllers/Application.java)

Sources indirectly invalidated by:
	product: Set(/Users/keima/Downloads/act/test/target/scala-2.11/twirl/main/views/html/form.template.scala, /Users/keima/Downloads/act/test/app/controllers/Application.java)
	binary dep: Set()
	external source: Set()
All initially invalidated sources: Set(/Users/keima/Downloads/act/test/app/controllers/Form.java, /Users/keima/Downloads/act/test/target/scala-2.11/twirl/main/views/html/form.template.scala, /Users/keima/Downloads/act/test/app/controllers/Application.java)

Read from stdout: Compiling 1 Scala source and 1 Java source to /Users/keima/Downloads/act/test/target/scala-2.11/classes...
Compiling 1 Scala source and 1 Java source to /Users/keima/Downloads/act/test/target/scala-2.11/classes...
Getting compiler-interface from component compiler for Scala 2.11.6
Other repositories:
Default repositories:
Getting compiler-interface from component compiler for Scala 2.11.6
Other repositories:
Default repositories:
Running cached compiler 29e61746, interfacing (CompilerInterface) with Scala compiler version 2.11.6
Calling Scala compiler with arguments  (CompilerInterface):
	-deprecation
	-unchecked
	-encoding
	utf8
	-bootclasspath
	/Library/Java/JavaVirtualMachines/jdk1.8.0_73.jdk/Contents/Home/jre/lib/resources.jar:/Library/Java/JavaVirtualMachines/jdk1.8.0_73.jdk/Contents/Home/jre/lib/rt.jar:/Library/Java/JavaVirtualMachines/jdk1.8.0_73.jdk/Contents/Home/jre/lib/sunrsasign.jar:/Library/Java/JavaVirtualMachines/jdk1.8.0_73.jdk/Contents/Home/jre/lib/jsse.jar:/Library/Java/JavaVirtualMachines/jdk1.8.0_73.jdk/Contents/Home/jre/lib/jce.jar:/Library/Java/JavaVirtualMachines/jdk1.8.0_73.jdk/Contents/Home/jre/lib/charsets.jar:/Library/Java/JavaVirtualMachines/jdk1.8.0_73.jdk/Contents/Home/jre/lib/jfr.jar:/Library/Java/JavaVirtualMachines/jdk1.8.0_73.jdk/Contents/Home/jre/classes:/Users/keima/.ivy2/cache/org.scala-lang/scala-library/jars/scala-library-2.11.6.jar
	-classpath
	/Users/keima/Downloads/act/test/target/scala-2.11/classes:/Users/keima/.ivy2/cache/com.typesafe.play/play-enhancer/jars/play-enhancer-1.1.0.jar:/Users/keima/.ivy2/cache/com.typesafe.play/twirl-api_2.11/jars/twirl-api_2.11-1.1.1.jar:/Users/keima/.ivy2/cache/org.apache.commons/commons-lang3/jars/commons-lang3-3.4.jar:/Users/keima/.ivy2/cache/org.scala-lang.modules/scala-xml_2.11/bundles/scala-xml_2.11-1.0.1.jar:/Users/keima/.ivy2/cache/com.typesafe.play/play-ebean_2.11/jars/play-ebean_2.11-1.0.0.jar:/Users/keima/.ivy2/cache/com.typesafe.play/play-java-jdbc_2.11/jars/play-java-jdbc_2.11-2.4.6.jar:/Users/keima/.ivy2/cache/com.typesafe.play/play-jdbc_2.11/jars/play-jdbc_2.11-2.4.6.jar:/Users/keima/.ivy2/cache/com.typesafe.play/play-jdbc-api_2.11/jars/play-jdbc-api_2.11-2.4.6.jar:/Users/keima/.ivy2/cache/com.typesafe.play/play_2.11/jars/play_2.11-2.4.6.jar:/Users/keima/.ivy2/cache/com.typesafe.play/build-link/jars/build-link-2.4.6.jar:/Users/keima/.ivy2/cache/com.typesafe.play/play-exceptions/jars/play-exceptions-2.4.6.jar:/Users/keima/.ivy2/cache/org.javassist/javassist/bundles/javassist-3.19.0-GA.jar:/Users/keima/.ivy2/cache/com.typesafe.play/play-iteratees_2.11/jars/play-iteratees_2.11-2.4.6.jar:/Users/keima/.ivy2/cache/org.scala-stm/scala-stm_2.11/jars/scala-stm_2.11-0.7.jar:/Users/keima/.ivy2/cache/com.typesafe/config/bundles/config-1.3.0.jar:/Users/keima/.ivy2/cache/com.typesafe.play/play-json_2.11/jars/play-json_2.11-2.4.6.jar:/Users/keima/.ivy2/cache/com.typesafe.play/play-functional_2.11/jars/play-functional_2.11-2.4.6.jar:/Users/keima/.ivy2/cache/com.typesafe.play/play-datacommons_2.11/jars/play-datacommons_2.11-2.4.6.jar:/Users/keima/.ivy2/cache/joda-time/joda-time/jars/joda-time-2.8.1.jar:/Users/keima/.ivy2/cache/org.joda/joda-convert/jars/joda-convert-1.7.jar:/Users/keima/.ivy2/cache/org.scala-lang/scala-reflect/jars/scala-reflect-2.11.6.jar:/Users/keima/.ivy2/cache/com.fasterxml.jackson.core/jackson-core/bundles/jackson-core-2.5.4.jar:/Users/keima/.ivy2/cache/com.fasterxml.jackson.core/jackson-annotations/bundles/jackson-annotations-2.5.4.jar:/Users/keima/.ivy2/cache/com.fasterxml.jackson.core/jackson-databind/bundles/jackson-databind-2.5.4.jar:/Users/keima/.ivy2/cache/com.fasterxml.jackson.datatype/jackson-datatype-jdk8/bundles/jackson-datatype-jdk8-2.5.4.jar:/Users/keima/.ivy2/cache/com.fasterxml.jackson.datatype/jackson-datatype-jsr310/bundles/jackson-datatype-jsr310-2.5.4.jar:/Users/keima/.ivy2/cache/com.typesafe.play/play-netty-utils/jars/play-netty-utils-2.4.6.jar:/Users/keima/.ivy2/cache/org.slf4j/slf4j-api/jars/slf4j-api-1.7.12.jar:/Users/keima/.ivy2/cache/org.slf4j/jul-to-slf4j/jars/jul-to-slf4j-1.7.12.jar:/Users/keima/.ivy2/cache/org.slf4j/jcl-over-slf4j/jars/jcl-over-slf4j-1.7.12.jar:/Users/keima/.ivy2/cache/org.scala-lang.modules/scala-parser-combinators_2.11/bundles/scala-parser-combinators_2.11-1.0.1.jar:/Users/keima/.ivy2/cache/ch.qos.logback/logback-core/jars/logback-core-1.1.3.jar:/Users/keima/.ivy2/cache/ch.qos.logback/logback-classic/jars/logback-classic-1.1.3.jar:/Users/keima/.ivy2/cache/com.typesafe.akka/akka-actor_2.11/jars/akka-actor_2.11-2.3.13.jar:/Users/keima/.ivy2/cache/com.typesafe.akka/akka-slf4j_2.11/jars/akka-slf4j_2.11-2.3.13.jar:/Users/keima/.ivy2/cache/commons-codec/commons-codec/jars/commons-codec-1.10.jar:/Users/keima/.ivy2/cache/xerces/xercesImpl/jars/xercesImpl-2.11.0.jar:/Users/keima/.ivy2/cache/xml-apis/xml-apis/jars/xml-apis-1.4.01.jar:/Users/keima/.ivy2/cache/javax.transaction/jta/jars/jta-1.1.jar:/Users/keima/.ivy2/cache/com.google.inject/guice/jars/guice-4.0.jar:/Users/keima/.ivy2/cache/javax.inject/javax.inject/jars/javax.inject-1.jar:/Users/keima/.ivy2/cache/aopalliance/aopalliance/jars/aopalliance-1.0.jar:/Users/keima/.ivy2/cache/com.google.inject.extensions/guice-assistedinject/jars/guice-assistedinject-4.0.jar:/Users/keima/.ivy2/cache/com.jolbox/bonecp/bundles/bonecp-0.8.0.RELEASE.jar:/Users/keima/.ivy2/cache/com.zaxxer/HikariCP/bundles/HikariCP-2.3.7.jar:/Users/keima/.ivy2/cache/com.h2database/h2/jars/h2-1.4.187.jar:/Users/keima/.ivy2/cache/tyrex/tyrex/jars/tyrex-1.0.1.jar:/Users/keima/.ivy2/cache/com.typesafe.play/play-java_2.11/jars/play-java_2.11-2.4.6.jar:/Users/keima/.ivy2/cache/org.scala-lang.modules/scala-java8-compat_2.11/bundles/scala-java8-compat_2.11-0.3.0.jar:/Users/keima/.ivy2/cache/org.yaml/snakeyaml/bundles/snakeyaml-1.15.jar:/Users/keima/.ivy2/cache/org.hibernate/hibernate-validator/jars/hibernate-validator-5.0.3.Final.jar:/Users/keima/.ivy2/cache/javax.validation/validation-api/jars/validation-api-1.1.0.Final.jar:/Users/keima/.ivy2/cache/com.fasterxml/classmate/bundles/classmate-1.0.0.jar:/Users/keima/.ivy2/cache/org.jboss.logging/jboss-logging/jars/jboss-logging-3.2.1.Final.jar:/Users/keima/.ivy2/cache/org.springframework/spring-context/jars/spring-context-4.1.6.RELEASE.jar:/Users/keima/.ivy2/cache/org.springframework/spring-core/jars/spring-core-4.1.6.RELEASE.jar:/Users/keima/.ivy2/cache/org.springframework/spring-beans/jars/spring-beans-4.1.6.RELEASE.jar:/Users/keima/.ivy2/cache/org.reflections/reflections/jars/reflections-0.9.9.jar:/Users/keima/.ivy2/cache/com.google.guava/guava/bundles/guava-18.0.jar:/Users/keima/.ivy2/cache/net.jodah/typetools/bundles/typetools-0.4.3.jar:/Users/keima/.ivy2/cache/com.google.code.findbugs/jsr305/jars/jsr305-2.0.3.jar:/Users/keima/.ivy2/cache/org.apache.tomcat/tomcat-servlet-api/jars/tomcat-servlet-api-8.0.21.jar:/Users/keima/.ivy2/cache/com.typesafe.play/play-jdbc-evolutions_2.11/jars/play-jdbc-evolutions_2.11-2.4.6.jar:/Users/keima/.ivy2/cache/org.avaje.ebeanorm/avaje-ebeanorm/jars/avaje-ebeanorm-4.6.2.jar:/Users/keima/.ivy2/cache/javax.persistence/persistence-api/jars/persistence-api-1.0.jar:/Users/keima/.ivy2/cache/org.avaje.ebeanorm/avaje-ebeanorm-agent/jars/avaje-ebeanorm-agent-4.5.3.jar:/Users/keima/.ivy2/cache/com.typesafe.play/play-server_2.11/jars/play-server_2.11-2.4.6.jar:/Users/keima/.ivy2/cache/com.typesafe.play/play-netty-server_2.11/jars/play-netty-server_2.11-2.4.6.jar:/Users/keima/.ivy2/cache/io.netty/netty/bundles/netty-3.10.4.Final.jar:/Users/keima/.ivy2/cache/com.typesafe.netty/netty-http-pipelining/jars/netty-http-pipelining-1.1.4.jar:/Users/keima/.ivy2/cache/com.typesafe.play/play-cache_2.11/jars/play-cache_2.11-2.4.6.jar:/Users/keima/.ivy2/cache/net.sf.ehcache/ehcache-core/jars/ehcache-core-2.6.11.jar:/Users/keima/.ivy2/cache/com.typesafe.play/play-java-ws_2.11/jars/play-java-ws_2.11-2.4.6.jar:/Users/keima/.ivy2/cache/com.typesafe.play/play-ws_2.11/jars/play-ws_2.11-2.4.6.jar:/Users/keima/.ivy2/cache/com.ning/async-http-client/jars/async-http-client-1.9.21.jar:/Users/keima/.ivy2/cache/oauth.signpost/signpost-core/jars/signpost-core-1.2.1.2.jar:/Users/keima/.ivy2/cache/oauth.signpost/signpost-commonshttp4/jars/signpost-commonshttp4-1.2.1.2.jar:/Users/keima/.ivy2/cache/org.apache.httpcomponents/httpcore/jars/httpcore-4.0.1.jar:/Users/keima/.ivy2/cache/org.apache.httpcomponents/httpclient/jars/httpclient-4.0.1.jar:/Users/keima/.ivy2/cache/commons-logging/commons-logging/jars/commons-logging-1.1.1.jar:/Users/keima/.ivy2/cache/mysql/mysql-connector-java/jars/mysql-connector-java-5.1.20.jar
Read from stdout: /Users/keima/Downloads/act/test/app/views/form.scala.html:1: value submit is not a member of controllers.ReverseApplication
/Users/keima/Downloads/act/test/app/views/form.scala.html:1: value submit is not a member of controllers.ReverseApplication
Read from stdout: @helper.form(action = routes.Application.submit()) {
@helper.form(action = routes.Application.submit()) {
Read from stdout: ^
                                         ^
Read from stdout: one error found
one error found
Compilation failed (CompilerInterface)
Read from stdout: (compile:compileIncremental) Compilation failed
(compile:compileIncremental) Compilation failed
Total time: 2 s, completed 2016/02/28 3:56:37
> server-post-command-error-handler
> server-post-command-cleanup
> server-handle-next-server-request
> {file:/Users/keima/Downloads/act/test/}root/compile:mainClass
Evaluating tasks: compile:mainClass
Running task... Cancel: sbt.server.ServerTaskCancellation@6f1df33b, check cycles: false
Total time: 0 s, completed 2016/02/28 3:56:37
> server-post-command-cleanup
> server-handle-next-server-request
> compile
Evaluating tasks: compile:compile
Running task... Cancel: sbt.server.ServerTaskCancellation@3813279f, check cycles: false

Initial source changes: 
	removed:Set(/Users/keima/Downloads/act/test/app/controllers/Form.java)
	added: Set()
	modified: Set(/Users/keima/Downloads/act/test/target/scala-2.11/twirl/main/views/html/form.template.scala, /Users/keima/Downloads/act/test/app/controllers/Application.java)
Removed products: Set(/Users/keima/Downloads/act/test/target/scala-2.11/classes/views/html/form_Scope0$form$$anonfun$f$1.class, /Users/keima/Downloads/act/test/target/scala-2.11/classes/views/html/form_Scope0.class, /Users/keima/Downloads/act/test/target/scala-2.11/classes/views/html/form_Scope0$.class, /Users/keima/Downloads/act/test/target/scala-2.11/classes/views/html/form_Scope0$form.class, /Users/keima/Downloads/act/test/target/scala-2.11/classes/views/html/form$.class, /Users/keima/Downloads/act/test/target/scala-2.11/classes/views/html/form.class, /Users/keima/Downloads/act/test/target/scala-2.11/classes/controllers/Application.class)
External API changes: API Changes: Set()
Modified binary dependencies: Set()
Initial directly invalidated sources: Set(/Users/keima/Downloads/act/test/app/controllers/Form.java, /Users/keima/Downloads/act/test/target/scala-2.11/twirl/main/views/html/form.template.scala, /Users/keima/Downloads/act/test/app/controllers/Application.java)

Sources indirectly invalidated by:
	product: Set(/Users/keima/Downloads/act/test/target/scala-2.11/twirl/main/views/html/form.template.scala, /Users/keima/Downloads/act/test/app/controllers/Application.java)
	binary dep: Set()
	external source: Set()
All initially invalidated sources: Set(/Users/keima/Downloads/act/test/app/controllers/Form.java, /Users/keima/Downloads/act/test/target/scala-2.11/twirl/main/views/html/form.template.scala, /Users/keima/Downloads/act/test/app/controllers/Application.java)

Read from stdout: Compiling 1 Scala source and 1 Java source to /Users/keima/Downloads/act/test/target/scala-2.11/classes...
Compiling 1 Scala source and 1 Java source to /Users/keima/Downloads/act/test/target/scala-2.11/classes...
Getting compiler-interface from component compiler for Scala 2.11.6
Other repositories:
Default repositories:
Getting compiler-interface from component compiler for Scala 2.11.6
Other repositories:
Default repositories:
Running cached compiler 25a4d5ec, interfacing (CompilerInterface) with Scala compiler version 2.11.6
Calling Scala compiler with arguments  (CompilerInterface):
	-deprecation
	-unchecked
	-encoding
	utf8
	-bootclasspath
	/Library/Java/JavaVirtualMachines/jdk1.8.0_73.jdk/Contents/Home/jre/lib/resources.jar:/Library/Java/JavaVirtualMachines/jdk1.8.0_73.jdk/Contents/Home/jre/lib/rt.jar:/Library/Java/JavaVirtualMachines/jdk1.8.0_73.jdk/Contents/Home/jre/lib/sunrsasign.jar:/Library/Java/JavaVirtualMachines/jdk1.8.0_73.jdk/Contents/Home/jre/lib/jsse.jar:/Library/Java/JavaVirtualMachines/jdk1.8.0_73.jdk/Contents/Home/jre/lib/jce.jar:/Library/Java/JavaVirtualMachines/jdk1.8.0_73.jdk/Contents/Home/jre/lib/charsets.jar:/Library/Java/JavaVirtualMachines/jdk1.8.0_73.jdk/Contents/Home/jre/lib/jfr.jar:/Library/Java/JavaVirtualMachines/jdk1.8.0_73.jdk/Contents/Home/jre/classes:/Users/keima/.ivy2/cache/org.scala-lang/scala-library/jars/scala-library-2.11.6.jar
	-classpath
	/Users/keima/Downloads/act/test/target/scala-2.11/classes:/Users/keima/.ivy2/cache/com.typesafe.play/play-enhancer/jars/play-enhancer-1.1.0.jar:/Users/keima/.ivy2/cache/com.typesafe.play/twirl-api_2.11/jars/twirl-api_2.11-1.1.1.jar:/Users/keima/.ivy2/cache/org.apache.commons/commons-lang3/jars/commons-lang3-3.4.jar:/Users/keima/.ivy2/cache/org.scala-lang.modules/scala-xml_2.11/bundles/scala-xml_2.11-1.0.1.jar:/Users/keima/.ivy2/cache/com.typesafe.play/play-ebean_2.11/jars/play-ebean_2.11-1.0.0.jar:/Users/keima/.ivy2/cache/com.typesafe.play/play-java-jdbc_2.11/jars/play-java-jdbc_2.11-2.4.6.jar:/Users/keima/.ivy2/cache/com.typesafe.play/play-jdbc_2.11/jars/play-jdbc_2.11-2.4.6.jar:/Users/keima/.ivy2/cache/com.typesafe.play/play-jdbc-api_2.11/jars/play-jdbc-api_2.11-2.4.6.jar:/Users/keima/.ivy2/cache/com.typesafe.play/play_2.11/jars/play_2.11-2.4.6.jar:/Users/keima/.ivy2/cache/com.typesafe.play/build-link/jars/build-link-2.4.6.jar:/Users/keima/.ivy2/cache/com.typesafe.play/play-exceptions/jars/play-exceptions-2.4.6.jar:/Users/keima/.ivy2/cache/org.javassist/javassist/bundles/javassist-3.19.0-GA.jar:/Users/keima/.ivy2/cache/com.typesafe.play/play-iteratees_2.11/jars/play-iteratees_2.11-2.4.6.jar:/Users/keima/.ivy2/cache/org.scala-stm/scala-stm_2.11/jars/scala-stm_2.11-0.7.jar:/Users/keima/.ivy2/cache/com.typesafe/config/bundles/config-1.3.0.jar:/Users/keima/.ivy2/cache/com.typesafe.play/play-json_2.11/jars/play-json_2.11-2.4.6.jar:/Users/keima/.ivy2/cache/com.typesafe.play/play-functional_2.11/jars/play-functional_2.11-2.4.6.jar:/Users/keima/.ivy2/cache/com.typesafe.play/play-datacommons_2.11/jars/play-datacommons_2.11-2.4.6.jar:/Users/keima/.ivy2/cache/joda-time/joda-time/jars/joda-time-2.8.1.jar:/Users/keima/.ivy2/cache/org.joda/joda-convert/jars/joda-convert-1.7.jar:/Users/keima/.ivy2/cache/org.scala-lang/scala-reflect/jars/scala-reflect-2.11.6.jar:/Users/keima/.ivy2/cache/com.fasterxml.jackson.core/jackson-core/bundles/jackson-core-2.5.4.jar:/Users/keima/.ivy2/cache/com.fasterxml.jackson.core/jackson-annotations/bundles/jackson-annotations-2.5.4.jar:/Users/keima/.ivy2/cache/com.fasterxml.jackson.core/jackson-databind/bundles/jackson-databind-2.5.4.jar:/Users/keima/.ivy2/cache/com.fasterxml.jackson.datatype/jackson-datatype-jdk8/bundles/jackson-datatype-jdk8-2.5.4.jar:/Users/keima/.ivy2/cache/com.fasterxml.jackson.datatype/jackson-datatype-jsr310/bundles/jackson-datatype-jsr310-2.5.4.jar:/Users/keima/.ivy2/cache/com.typesafe.play/play-netty-utils/jars/play-netty-utils-2.4.6.jar:/Users/keima/.ivy2/cache/org.slf4j/slf4j-api/jars/slf4j-api-1.7.12.jar:/Users/keima/.ivy2/cache/org.slf4j/jul-to-slf4j/jars/jul-to-slf4j-1.7.12.jar:/Users/keima/.ivy2/cache/org.slf4j/jcl-over-slf4j/jars/jcl-over-slf4j-1.7.12.jar:/Users/keima/.ivy2/cache/org.scala-lang.modules/scala-parser-combinators_2.11/bundles/scala-parser-combinators_2.11-1.0.1.jar:/Users/keima/.ivy2/cache/ch.qos.logback/logback-core/jars/logback-core-1.1.3.jar:/Users/keima/.ivy2/cache/ch.qos.logback/logback-classic/jars/logback-classic-1.1.3.jar:/Users/keima/.ivy2/cache/com.typesafe.akka/akka-actor_2.11/jars/akka-actor_2.11-2.3.13.jar:/Users/keima/.ivy2/cache/com.typesafe.akka/akka-slf4j_2.11/jars/akka-slf4j_2.11-2.3.13.jar:/Users/keima/.ivy2/cache/commons-codec/commons-codec/jars/commons-codec-1.10.jar:/Users/keima/.ivy2/cache/xerces/xercesImpl/jars/xercesImpl-2.11.0.jar:/Users/keima/.ivy2/cache/xml-apis/xml-apis/jars/xml-apis-1.4.01.jar:/Users/keima/.ivy2/cache/javax.transaction/jta/jars/jta-1.1.jar:/Users/keima/.ivy2/cache/com.google.inject/guice/jars/guice-4.0.jar:/Users/keima/.ivy2/cache/javax.inject/javax.inject/jars/javax.inject-1.jar:/Users/keima/.ivy2/cache/aopalliance/aopalliance/jars/aopalliance-1.0.jar:/Users/keima/.ivy2/cache/com.google.inject.extensions/guice-assistedinject/jars/guice-assistedinject-4.0.jar:/Users/keima/.ivy2/cache/com.jolbox/bonecp/bundles/bonecp-0.8.0.RELEASE.jar:/Users/keima/.ivy2/cache/com.zaxxer/HikariCP/bundles/HikariCP-2.3.7.jar:/Users/keima/.ivy2/cache/com.h2database/h2/jars/h2-1.4.187.jar:/Users/keima/.ivy2/cache/tyrex/tyrex/jars/tyrex-1.0.1.jar:/Users/keima/.ivy2/cache/com.typesafe.play/play-java_2.11/jars/play-java_2.11-2.4.6.jar:/Users/keima/.ivy2/cache/org.scala-lang.modules/scala-java8-compat_2.11/bundles/scala-java8-compat_2.11-0.3.0.jar:/Users/keima/.ivy2/cache/org.yaml/snakeyaml/bundles/snakeyaml-1.15.jar:/Users/keima/.ivy2/cache/org.hibernate/hibernate-validator/jars/hibernate-validator-5.0.3.Final.jar:/Users/keima/.ivy2/cache/javax.validation/validation-api/jars/validation-api-1.1.0.Final.jar:/Users/keima/.ivy2/cache/com.fasterxml/classmate/bundles/classmate-1.0.0.jar:/Users/keima/.ivy2/cache/org.jboss.logging/jboss-logging/jars/jboss-logging-3.2.1.Final.jar:/Users/keima/.ivy2/cache/org.springframework/spring-context/jars/spring-context-4.1.6.RELEASE.jar:/Users/keima/.ivy2/cache/org.springframework/spring-core/jars/spring-core-4.1.6.RELEASE.jar:/Users/keima/.ivy2/cache/org.springframework/spring-beans/jars/spring-beans-4.1.6.RELEASE.jar:/Users/keima/.ivy2/cache/org.reflections/reflections/jars/reflections-0.9.9.jar:/Users/keima/.ivy2/cache/com.google.guava/guava/bundles/guava-18.0.jar:/Users/keima/.ivy2/cache/net.jodah/typetools/bundles/typetools-0.4.3.jar:/Users/keima/.ivy2/cache/com.google.code.findbugs/jsr305/jars/jsr305-2.0.3.jar:/Users/keima/.ivy2/cache/org.apache.tomcat/tomcat-servlet-api/jars/tomcat-servlet-api-8.0.21.jar:/Users/keima/.ivy2/cache/com.typesafe.play/play-jdbc-evolutions_2.11/jars/play-jdbc-evolutions_2.11-2.4.6.jar:/Users/keima/.ivy2/cache/org.avaje.ebeanorm/avaje-ebeanorm/jars/avaje-ebeanorm-4.6.2.jar:/Users/keima/.ivy2/cache/javax.persistence/persistence-api/jars/persistence-api-1.0.jar:/Users/keima/.ivy2/cache/org.avaje.ebeanorm/avaje-ebeanorm-agent/jars/avaje-ebeanorm-agent-4.5.3.jar:/Users/keima/.ivy2/cache/com.typesafe.play/play-server_2.11/jars/play-server_2.11-2.4.6.jar:/Users/keima/.ivy2/cache/com.typesafe.play/play-netty-server_2.11/jars/play-netty-server_2.11-2.4.6.jar:/Users/keima/.ivy2/cache/io.netty/netty/bundles/netty-3.10.4.Final.jar:/Users/keima/.ivy2/cache/com.typesafe.netty/netty-http-pipelining/jars/netty-http-pipelining-1.1.4.jar:/Users/keima/.ivy2/cache/com.typesafe.play/play-cache_2.11/jars/play-cache_2.11-2.4.6.jar:/Users/keima/.ivy2/cache/net.sf.ehcache/ehcache-core/jars/ehcache-core-2.6.11.jar:/Users/keima/.ivy2/cache/com.typesafe.play/play-java-ws_2.11/jars/play-java-ws_2.11-2.4.6.jar:/Users/keima/.ivy2/cache/com.typesafe.play/play-ws_2.11/jars/play-ws_2.11-2.4.6.jar:/Users/keima/.ivy2/cache/com.ning/async-http-client/jars/async-http-client-1.9.21.jar:/Users/keima/.ivy2/cache/oauth.signpost/signpost-core/jars/signpost-core-1.2.1.2.jar:/Users/keima/.ivy2/cache/oauth.signpost/signpost-commonshttp4/jars/signpost-commonshttp4-1.2.1.2.jar:/Users/keima/.ivy2/cache/org.apache.httpcomponents/httpcore/jars/httpcore-4.0.1.jar:/Users/keima/.ivy2/cache/org.apache.httpcomponents/httpclient/jars/httpclient-4.0.1.jar:/Users/keima/.ivy2/cache/commons-logging/commons-logging/jars/commons-logging-1.1.1.jar:/Users/keima/.ivy2/cache/mysql/mysql-connector-java/jars/mysql-connector-java-5.1.20.jar
Read from stdout: /Users/keima/Downloads/act/test/app/views/form.scala.html:1: value submit is not a member of controllers.ReverseApplication
/Users/keima/Downloads/act/test/app/views/form.scala.html:1: value submit is not a member of controllers.ReverseApplication
Read from stdout: @helper.form(action = routes.Application.submit()) {
@helper.form(action = routes.Application.submit()) {
Read from stdout: ^
                                         ^
Read from stdout: one error found
one error found
Compilation failed (CompilerInterface)
Read from stdout: (compile:compileIncremental) Compilation failed
(compile:compileIncremental) Compilation failed
Total time: 1 s, completed 2016/02/28 3:56:52
> server-post-command-error-handler
> server-post-command-cleanup
> server-handle-next-server-request
> compile
Evaluating tasks: compile:compile
Running task... Cancel: sbt.server.ServerTaskCancellation@40703f88, check cycles: false

Initial source changes: 
	removed:Set(/Users/keima/Downloads/act/test/app/controllers/Form.java, /Users/keima/Downloads/act/test/target/scala-2.11/twirl/main/views/html/form.template.scala)
	added: Set()
	modified: Set(/Users/keima/Downloads/act/test/app/controllers/Application.java)
Removed products: Set(/Users/keima/Downloads/act/test/target/scala-2.11/classes/views/html/form_Scope0$form$$anonfun$f$1.class, /Users/keima/Downloads/act/test/target/scala-2.11/classes/views/html/form_Scope0.class, /Users/keima/Downloads/act/test/target/scala-2.11/classes/views/html/form_Scope0$.class, /Users/keima/Downloads/act/test/target/scala-2.11/classes/views/html/form_Scope0$form.class, /Users/keima/Downloads/act/test/target/scala-2.11/classes/views/html/form$.class, /Users/keima/Downloads/act/test/target/scala-2.11/classes/views/html/form.class, /Users/keima/Downloads/act/test/target/scala-2.11/classes/controllers/Application.class)
External API changes: API Changes: Set()
Modified binary dependencies: Set()
Initial directly invalidated sources: Set(/Users/keima/Downloads/act/test/app/controllers/Form.java, /Users/keima/Downloads/act/test/target/scala-2.11/twirl/main/views/html/form.template.scala, /Users/keima/Downloads/act/test/app/controllers/Application.java)

Sources indirectly invalidated by:
	product: Set(/Users/keima/Downloads/act/test/target/scala-2.11/twirl/main/views/html/form.template.scala, /Users/keima/Downloads/act/test/app/controllers/Application.java)
	binary dep: Set()
	external source: Set()
All initially invalidated sources: Set(/Users/keima/Downloads/act/test/app/controllers/Form.java, /Users/keima/Downloads/act/test/target/scala-2.11/twirl/main/views/html/form.template.scala, /Users/keima/Downloads/act/test/app/controllers/Application.java)

Read from stdout: Compiling 1 Java source to /Users/keima/Downloads/act/test/target/scala-2.11/classes...
Compiling 1 Java source to /Users/keima/Downloads/act/test/target/scala-2.11/classes...
Attempting to call com.sun.tools.javac.api.JavacTool@7a2d470f directly...
Java compilation took 0.960233174 s
Java analysis took 0.261139072 s
Java compile + analysis took 1.232524503 s
Invalidating /Users/keima/Downloads/act/test/app/controllers/Form.java...
Invalidating (transitively) by inheritance from /Users/keima/Downloads/act/test/app/controllers/Form.java...
Initial set of included nodes: Set(/Users/keima/Downloads/act/test/app/controllers/Form.java)
Invalidated by transitive inheritance dependency: Set(/Users/keima/Downloads/act/test/app/controllers/Form.java)
The /Users/keima/Downloads/act/test/app/controllers/Form.java source file has the following regular definitions changed:
	.
All member reference dependencies will be considered within this context.
Invalidating /Users/keima/Downloads/act/test/target/scala-2.11/twirl/main/views/html/form.template.scala...
Invalidating (transitively) by inheritance from /Users/keima/Downloads/act/test/target/scala-2.11/twirl/main/views/html/form.template.scala...
Initial set of included nodes: Set(/Users/keima/Downloads/act/test/target/scala-2.11/twirl/main/views/html/form.template.scala)
Invalidated by transitive inheritance dependency: Set(/Users/keima/Downloads/act/test/target/scala-2.11/twirl/main/views/html/form.template.scala)
The /Users/keima/Downloads/act/test/target/scala-2.11/twirl/main/views/html/form.template.scala source file has the following regular definitions changed:
	notify, format, wait, $asInstanceOf, productArity, equals, form_Scope0, asInstanceOf, f, synchronized, _display_, $isInstanceOf, ref, canEqual, productPrefix, notifyAll, readResolve, isInstanceOf, <init>, apply, ==, clone, copy, toString, !=, getClass, copy$default$1, form, render, ne, eq, productIterator, ##, finalize, productElement, hashCode.
All member reference dependencies will be considered within this context.
New invalidations:
	Set()
Initial set of included nodes: Set()
Previously invalidated, but (transitively) depend on new invalidations:
	Set()
All newly invalidated sources after taking into account (previously) recompiled sources:Set()
Total time: 2 s, completed 2016/02/28 3:58:18
> server-post-command-cleanup
> server-handle-next-server-request
> backgroundRun
Evaluating tasks: compile:backgroundRun
Running task... Cancel: sbt.server.ServerTaskCancellation@4a4c37f9, check cycles: false
Total time: 0 s, completed 2016/02/28 3:58:18
> server-post-command-cleanup
> server-handle-next-server-request
> {file:/Users/keima/Downloads/act/test/}root/*:playForkConfig
Evaluating tasks: *:playForkConfig
Running task... Cancel: sbt.server.ServerTaskCancellation@bf556d5, check cycles: false
Total time: 0 s, completed 2016/02/28 3:58:23
> server-post-command-cleanup
> server-handle-next-server-request
> root/playForkNotifyStart http://localhost:9000
Evaluating tasks: *:playForkNotifyStart
Running task... Cancel: sbt.server.ServerTaskCancellation@5cc53247, check cycles: false
Total time: 0 s, completed 2016/02/28 3:58:25
> server-post-command-cleanup
> server-handle-next-server-request
> compile
Evaluating tasks: compile:compile
Running task... Cancel: sbt.server.ServerTaskCancellation@1b9f89cb, check cycles: false

Initial source changes: 
	removed:Set()
	added: Set()
	modified: Set(/Users/keima/Downloads/act/test/app/controllers/Application.java)
Removed products: Set()
External API changes: API Changes: Set()
Modified binary dependencies: Set()
Initial directly invalidated sources: Set(/Users/keima/Downloads/act/test/app/controllers/Application.java)

Sources indirectly invalidated by:
	product: Set()
	binary dep: Set()
	external source: Set()
All initially invalidated sources: Set(/Users/keima/Downloads/act/test/app/controllers/Application.java)

Read from stdout: Compiling 1 Java source to /Users/keima/Downloads/act/test/target/scala-2.11/classes...
Compiling 1 Java source to /Users/keima/Downloads/act/test/target/scala-2.11/classes...
Attempting to call com.sun.tools.javac.api.JavacTool@fc371c1 directly...
Java compilation took 0.319512113 s
Java analysis took 0.18694508 s
Java compile + analysis took 0.521366385 s
New invalidations:
	Set()
Initial set of included nodes: Set()
Previously invalidated, but (transitively) depend on new invalidations:
	Set()
All newly invalidated sources after taking into account (previously) recompiled sources:Set()
Total time: 1 s, completed 2016/02/28 3:58:52
> server-post-command-cleanup
> server-handle-next-server-request
> jobStop 1
Evaluating tasks: *:jobStop
Running task... Cancel: sbt.server.ServerTaskCancellation@203035d6, check cycles: false
Total time: 0 s, completed 2016/02/28 3:58:52
> server-post-command-cleanup
> server-handle-next-server-request
> backgroundRun
Evaluating tasks: compile:backgroundRun
Running task... Cancel: sbt.server.ServerTaskCancellation@3dff88ba, check cycles: false
Total time: 0 s, completed 2016/02/28 3:58:53
> server-post-command-cleanup
> server-handle-next-server-request
> {file:/Users/keima/Downloads/act/test/}root/*:playForkConfig
Evaluating tasks: *:playForkConfig
Running task... Cancel: sbt.server.ServerTaskCancellation@2f626f09, check cycles: false
Total time: 0 s, completed 2016/02/28 3:58:57
> server-post-command-cleanup
> server-handle-next-server-request
> root/playForkNotifyStart http://localhost:9000
Evaluating tasks: *:playForkNotifyStart
Running task... Cancel: sbt.server.ServerTaskCancellation@1df8a6c1, check cycles: false
Total time: 0 s, completed 2016/02/28 3:58:59
> server-post-command-cleanup
> server-handle-next-server-request
> compile
Evaluating tasks: compile:compile
Running task... Cancel: sbt.server.ServerTaskCancellation@414ef238, check cycles: false

Initial source changes: 
	removed:Set()
	added: Set()
	modified: Set(/Users/keima/Downloads/act/test/app/models/UserMaster.java)
Removed products: Set()
External API changes: API Changes: Set()
Modified binary dependencies: Set()
Initial directly invalidated sources: Set(/Users/keima/Downloads/act/test/app/models/UserMaster.java)

Sources indirectly invalidated by:
	product: Set()
	binary dep: Set()
	external source: Set()
All initially invalidated sources: Set(/Users/keima/Downloads/act/test/app/models/UserMaster.java)

Read from stdout: Compiling 1 Java source to /Users/keima/Downloads/act/test/target/scala-2.11/classes...
Compiling 1 Java source to /Users/keima/Downloads/act/test/target/scala-2.11/classes...
Attempting to call com.sun.tools.javac.api.JavacTool@5987e0 directly...
Java compilation took 0.392722568 s
Java analysis took 0.113186637 s
Java compile + analysis took 0.517761377 s
New invalidations:
	Set()
Initial set of included nodes: Set()
Previously invalidated, but (transitively) depend on new invalidations:
	Set()
All newly invalidated sources after taking into account (previously) recompiled sources:Set()
Total time: 2 s, completed 2016/02/28 4:03:29
> server-post-command-cleanup
> server-handle-next-server-request
> jobStop 2
Evaluating tasks: *:jobStop
Running task... Cancel: sbt.server.ServerTaskCancellation@2c0890ef, check cycles: false
Total time: 0 s, completed 2016/02/28 4:03:29
> server-post-command-cleanup
> server-handle-next-server-request
> backgroundRun
Evaluating tasks: compile:backgroundRun
Running task... Cancel: sbt.server.ServerTaskCancellation@2f541709, check cycles: false
Total time: 0 s, completed 2016/02/28 4:03:29
> server-post-command-cleanup
> server-handle-next-server-request
> {file:/Users/keima/Downloads/act/test/}root/*:playForkConfig
Evaluating tasks: *:playForkConfig
Running task... Cancel: sbt.server.ServerTaskCancellation@1f7bcc33, check cycles: false
Total time: 0 s, completed 2016/02/28 4:03:33
> server-post-command-cleanup
> server-handle-next-server-request
> root/playForkNotifyStart http://localhost:9000
Evaluating tasks: *:playForkNotifyStart
Running task... Cancel: sbt.server.ServerTaskCancellation@5bacd062, check cycles: false
Total time: 0 s, completed 2016/02/28 4:03:36
> server-post-command-cleanup
> server-handle-next-server-request
Done executing sbt server engine, result Right(Exit(0))
Closing listening server socket
Waiting for socket thread
Waiting for request processor thread
Waiting for command engine result
Returning control to sbt launcher with result Exit(0)
Closing the 23995@keima-2.local logs at Sun Feb 28 21:13:37 JST 2016, goodbye.
